=========================================
Iniciando envío de experimentos
Fecha: jue dic 18 01:57:48 -03 2025
=========================================

Construyendo lista de instancias...
Total de instancias encontradas: 810
Configuración:
  - Tamaños: 1000 2000 3000
  - Densidades: 9 valores (0.1 a 0.9)
  - Instancias por combinación: 30
  - Semilla: 42
  - Total de experimentos: 810

[OK] Job 1 enviado: misp_erdos_n1000_p0c0.1_1_s42 (JobID: Submitted batch job 3961040)
[OK] Job 2 enviado: misp_erdos_n1000_p0c0.1_2_s42 (JobID: Submitted batch job 3961041)
[OK] Job 3 enviado: misp_erdos_n1000_p0c0.1_3_s42 (JobID: Submitted batch job 3961042)
[OK] Job 4 enviado: misp_erdos_n1000_p0c0.1_4_s42 (JobID: Submitted batch job 3961043)
[OK] Job 5 enviado: misp_erdos_n1000_p0c0.1_5_s42 (JobID: Submitted batch job 3961044)
[OK] Job 6 enviado: misp_erdos_n1000_p0c0.1_6_s42 (JobID: Submitted batch job 3961045)
[OK] Job 7 enviado: misp_erdos_n1000_p0c0.1_7_s42 (JobID: Submitted batch job 3961046)
[OK] Job 8 enviado: misp_erdos_n1000_p0c0.1_8_s42 (JobID: Submitted batch job 3961047)
[OK] Job 9 enviado: misp_erdos_n1000_p0c0.1_9_s42 (JobID: Submitted batch job 3961048)
[OK] Job 10 enviado: misp_erdos_n1000_p0c0.1_10_s42 (JobID: Submitted batch job 3961049)
[OK] Job 11 enviado: misp_erdos_n1000_p0c0.1_11_s42 (JobID: Submitted batch job 3961050)
[OK] Job 12 enviado: misp_erdos_n1000_p0c0.1_12_s42 (JobID: Submitted batch job 3961051)
[OK] Job 13 enviado: misp_erdos_n1000_p0c0.1_13_s42 (JobID: Submitted batch job 3961052)
[OK] Job 14 enviado: misp_erdos_n1000_p0c0.1_14_s42 (JobID: Submitted batch job 3961053)
[OK] Job 15 enviado: misp_erdos_n1000_p0c0.1_15_s42 (JobID: Submitted batch job 3961054)
[OK] Job 16 enviado: misp_erdos_n1000_p0c0.1_16_s42 (JobID: Submitted batch job 3961055)
[OK] Job 17 enviado: misp_erdos_n1000_p0c0.1_17_s42 (JobID: Submitted batch job 3961056)
[OK] Job 18 enviado: misp_erdos_n1000_p0c0.1_18_s42 (JobID: Submitted batch job 3961057)
[OK] Job 19 enviado: misp_erdos_n1000_p0c0.1_19_s42 (JobID: Submitted batch job 3961058)
[OK] Job 20 enviado: misp_erdos_n1000_p0c0.1_20_s42 (JobID: Submitted batch job 3961059)
[OK] Job 21 enviado: misp_erdos_n1000_p0c0.1_21_s42 (JobID: Submitted batch job 3961060)
[OK] Job 22 enviado: misp_erdos_n1000_p0c0.1_22_s42 (JobID: Submitted batch job 3961061)
[OK] Job 23 enviado: misp_erdos_n1000_p0c0.1_23_s42 (JobID: Submitted batch job 3961062)
[OK] Job 24 enviado: misp_erdos_n1000_p0c0.1_24_s42 (JobID: Submitted batch job 3961063)
[OK] Job 25 enviado: misp_erdos_n1000_p0c0.1_25_s42 (JobID: Submitted batch job 3961064)
[OK] Job 26 enviado: misp_erdos_n1000_p0c0.1_26_s42 (JobID: Submitted batch job 3961065)
[OK] Job 27 enviado: misp_erdos_n1000_p0c0.1_27_s42 (JobID: Submitted batch job 3961066)
[OK] Job 28 enviado: misp_erdos_n1000_p0c0.1_28_s42 (JobID: Submitted batch job 3961067)
[OK] Job 29 enviado: misp_erdos_n1000_p0c0.1_29_s42 (JobID: Submitted batch job 3961068)
[OK] Job 30 enviado: misp_erdos_n1000_p0c0.1_30_s42 (JobID: Submitted batch job 3961069)
[OK] Job 31 enviado: misp_erdos_n1000_p0c0.2_1_s42 (JobID: Submitted batch job 3961070)
[OK] Job 32 enviado: misp_erdos_n1000_p0c0.2_2_s42 (JobID: Submitted batch job 3961071)
[OK] Job 33 enviado: misp_erdos_n1000_p0c0.2_3_s42 (JobID: Submitted batch job 3961072)
[OK] Job 34 enviado: misp_erdos_n1000_p0c0.2_4_s42 (JobID: Submitted batch job 3961073)
[OK] Job 35 enviado: misp_erdos_n1000_p0c0.2_5_s42 (JobID: Submitted batch job 3961074)
[OK] Job 36 enviado: misp_erdos_n1000_p0c0.2_6_s42 (JobID: Submitted batch job 3961075)
[OK] Job 37 enviado: misp_erdos_n1000_p0c0.2_7_s42 (JobID: Submitted batch job 3961076)
[OK] Job 38 enviado: misp_erdos_n1000_p0c0.2_8_s42 (JobID: Submitted batch job 3961077)
[OK] Job 39 enviado: misp_erdos_n1000_p0c0.2_9_s42 (JobID: Submitted batch job 3961078)
[OK] Job 40 enviado: misp_erdos_n1000_p0c0.2_10_s42 (JobID: Submitted batch job 3961079)
[OK] Job 41 enviado: misp_erdos_n1000_p0c0.2_11_s42 (JobID: Submitted batch job 3961080)
[OK] Job 42 enviado: misp_erdos_n1000_p0c0.2_12_s42 (JobID: Submitted batch job 3961081)
[OK] Job 43 enviado: misp_erdos_n1000_p0c0.2_13_s42 (JobID: Submitted batch job 3961082)
[OK] Job 44 enviado: misp_erdos_n1000_p0c0.2_14_s42 (JobID: Submitted batch job 3961083)
[OK] Job 45 enviado: misp_erdos_n1000_p0c0.2_15_s42 (JobID: Submitted batch job 3961084)
[OK] Job 46 enviado: misp_erdos_n1000_p0c0.2_16_s42 (JobID: Submitted batch job 3961085)
[OK] Job 47 enviado: misp_erdos_n1000_p0c0.2_17_s42 (JobID: Submitted batch job 3961086)
[OK] Job 48 enviado: misp_erdos_n1000_p0c0.2_18_s42 (JobID: Submitted batch job 3961087)
[OK] Job 49 enviado: misp_erdos_n1000_p0c0.2_19_s42 (JobID: Submitted batch job 3961088)
[OK] Job 50 enviado: misp_erdos_n1000_p0c0.2_20_s42 (JobID: Submitted batch job 3961089)
[OK] Job 51 enviado: misp_erdos_n1000_p0c0.2_21_s42 (JobID: Submitted batch job 3961090)
[OK] Job 52 enviado: misp_erdos_n1000_p0c0.2_22_s42 (JobID: Submitted batch job 3961091)
[OK] Job 53 enviado: misp_erdos_n1000_p0c0.2_23_s42 (JobID: Submitted batch job 3961092)
[OK] Job 54 enviado: misp_erdos_n1000_p0c0.2_24_s42 (JobID: Submitted batch job 3961093)
[OK] Job 55 enviado: misp_erdos_n1000_p0c0.2_25_s42 (JobID: Submitted batch job 3961094)
[OK] Job 56 enviado: misp_erdos_n1000_p0c0.2_26_s42 (JobID: Submitted batch job 3961095)
[OK] Job 57 enviado: misp_erdos_n1000_p0c0.2_27_s42 (JobID: Submitted batch job 3961096)
[OK] Job 58 enviado: misp_erdos_n1000_p0c0.2_28_s42 (JobID: Submitted batch job 3961097)
[OK] Job 59 enviado: misp_erdos_n1000_p0c0.2_29_s42 (JobID: Submitted batch job 3961098)
[OK] Job 60 enviado: misp_erdos_n1000_p0c0.2_30_s42 (JobID: Submitted batch job 3961099)
[OK] Job 61 enviado: misp_erdos_n1000_p0c0.3_1_s42 (JobID: Submitted batch job 3961100)
[OK] Job 62 enviado: misp_erdos_n1000_p0c0.3_2_s42 (JobID: Submitted batch job 3961101)
[OK] Job 63 enviado: misp_erdos_n1000_p0c0.3_3_s42 (JobID: Submitted batch job 3961102)
[OK] Job 64 enviado: misp_erdos_n1000_p0c0.3_4_s42 (JobID: Submitted batch job 3961103)
[OK] Job 65 enviado: misp_erdos_n1000_p0c0.3_5_s42 (JobID: Submitted batch job 3961104)
[OK] Job 66 enviado: misp_erdos_n1000_p0c0.3_6_s42 (JobID: Submitted batch job 3961105)
[OK] Job 67 enviado: misp_erdos_n1000_p0c0.3_7_s42 (JobID: Submitted batch job 3961106)
[OK] Job 68 enviado: misp_erdos_n1000_p0c0.3_8_s42 (JobID: Submitted batch job 3961107)
[OK] Job 69 enviado: misp_erdos_n1000_p0c0.3_9_s42 (JobID: Submitted batch job 3961108)
[OK] Job 70 enviado: misp_erdos_n1000_p0c0.3_10_s42 (JobID: Submitted batch job 3961109)
[OK] Job 71 enviado: misp_erdos_n1000_p0c0.3_11_s42 (JobID: Submitted batch job 3961110)
[OK] Job 72 enviado: misp_erdos_n1000_p0c0.3_12_s42 (JobID: Submitted batch job 3961111)
[OK] Job 73 enviado: misp_erdos_n1000_p0c0.3_13_s42 (JobID: Submitted batch job 3961112)
[OK] Job 74 enviado: misp_erdos_n1000_p0c0.3_14_s42 (JobID: Submitted batch job 3961113)
[OK] Job 75 enviado: misp_erdos_n1000_p0c0.3_15_s42 (JobID: Submitted batch job 3961114)
[OK] Job 76 enviado: misp_erdos_n1000_p0c0.3_16_s42 (JobID: Submitted batch job 3961115)
[OK] Job 77 enviado: misp_erdos_n1000_p0c0.3_17_s42 (JobID: Submitted batch job 3961116)
[OK] Job 78 enviado: misp_erdos_n1000_p0c0.3_18_s42 (JobID: Submitted batch job 3961117)
[OK] Job 79 enviado: misp_erdos_n1000_p0c0.3_19_s42 (JobID: Submitted batch job 3961118)
[OK] Job 80 enviado: misp_erdos_n1000_p0c0.3_20_s42 (JobID: Submitted batch job 3961119)
[OK] Job 81 enviado: misp_erdos_n1000_p0c0.3_21_s42 (JobID: Submitted batch job 3961120)
[OK] Job 82 enviado: misp_erdos_n1000_p0c0.3_22_s42 (JobID: Submitted batch job 3961121)
[OK] Job 83 enviado: misp_erdos_n1000_p0c0.3_23_s42 (JobID: Submitted batch job 3961122)
[OK] Job 84 enviado: misp_erdos_n1000_p0c0.3_24_s42 (JobID: Submitted batch job 3961123)
[OK] Job 85 enviado: misp_erdos_n1000_p0c0.3_25_s42 (JobID: Submitted batch job 3961124)
[OK] Job 86 enviado: misp_erdos_n1000_p0c0.3_26_s42 (JobID: Submitted batch job 3961125)
[OK] Job 87 enviado: misp_erdos_n1000_p0c0.3_27_s42 (JobID: Submitted batch job 3961126)
[OK] Job 88 enviado: misp_erdos_n1000_p0c0.3_28_s42 (JobID: Submitted batch job 3961127)
[OK] Job 89 enviado: misp_erdos_n1000_p0c0.3_29_s42 (JobID: Submitted batch job 3961128)
[OK] Job 90 enviado: misp_erdos_n1000_p0c0.3_30_s42 (JobID: Submitted batch job 3961129)
[OK] Job 91 enviado: misp_erdos_n1000_p0c0.4_1_s42 (JobID: Submitted batch job 3961130)
[OK] Job 92 enviado: misp_erdos_n1000_p0c0.4_2_s42 (JobID: Submitted batch job 3961131)
[OK] Job 93 enviado: misp_erdos_n1000_p0c0.4_3_s42 (JobID: Submitted batch job 3961132)
[OK] Job 94 enviado: misp_erdos_n1000_p0c0.4_4_s42 (JobID: Submitted batch job 3961133)
[OK] Job 95 enviado: misp_erdos_n1000_p0c0.4_5_s42 (JobID: Submitted batch job 3961134)
[OK] Job 96 enviado: misp_erdos_n1000_p0c0.4_6_s42 (JobID: Submitted batch job 3961135)
[OK] Job 97 enviado: misp_erdos_n1000_p0c0.4_7_s42 (JobID: Submitted batch job 3961136)
[OK] Job 98 enviado: misp_erdos_n1000_p0c0.4_8_s42 (JobID: Submitted batch job 3961137)
[OK] Job 99 enviado: misp_erdos_n1000_p0c0.4_9_s42 (JobID: Submitted batch job 3961138)
[OK] Job 100 enviado: misp_erdos_n1000_p0c0.4_10_s42 (JobID: Submitted batch job 3961139)
[OK] Job 101 enviado: misp_erdos_n1000_p0c0.4_11_s42 (JobID: Submitted batch job 3961140)
[OK] Job 102 enviado: misp_erdos_n1000_p0c0.4_12_s42 (JobID: Submitted batch job 3961141)
[OK] Job 103 enviado: misp_erdos_n1000_p0c0.4_13_s42 (JobID: Submitted batch job 3961142)
[OK] Job 104 enviado: misp_erdos_n1000_p0c0.4_14_s42 (JobID: Submitted batch job 3961143)
[OK] Job 105 enviado: misp_erdos_n1000_p0c0.4_15_s42 (JobID: Submitted batch job 3961144)
[OK] Job 106 enviado: misp_erdos_n1000_p0c0.4_16_s42 (JobID: Submitted batch job 3961145)
[OK] Job 107 enviado: misp_erdos_n1000_p0c0.4_17_s42 (JobID: Submitted batch job 3961146)
[OK] Job 108 enviado: misp_erdos_n1000_p0c0.4_18_s42 (JobID: Submitted batch job 3961147)
[OK] Job 109 enviado: misp_erdos_n1000_p0c0.4_19_s42 (JobID: Submitted batch job 3961148)
[OK] Job 110 enviado: misp_erdos_n1000_p0c0.4_20_s42 (JobID: Submitted batch job 3961149)
[OK] Job 111 enviado: misp_erdos_n1000_p0c0.4_21_s42 (JobID: Submitted batch job 3961150)
[OK] Job 112 enviado: misp_erdos_n1000_p0c0.4_22_s42 (JobID: Submitted batch job 3961151)
[OK] Job 113 enviado: misp_erdos_n1000_p0c0.4_23_s42 (JobID: Submitted batch job 3961152)
[OK] Job 114 enviado: misp_erdos_n1000_p0c0.4_24_s42 (JobID: Submitted batch job 3961153)
[OK] Job 115 enviado: misp_erdos_n1000_p0c0.4_25_s42 (JobID: Submitted batch job 3961154)
[OK] Job 116 enviado: misp_erdos_n1000_p0c0.4_26_s42 (JobID: Submitted batch job 3961155)
[OK] Job 117 enviado: misp_erdos_n1000_p0c0.4_27_s42 (JobID: Submitted batch job 3961156)
[OK] Job 118 enviado: misp_erdos_n1000_p0c0.4_28_s42 (JobID: Submitted batch job 3961157)
[OK] Job 119 enviado: misp_erdos_n1000_p0c0.4_29_s42 (JobID: Submitted batch job 3961158)
[OK] Job 120 enviado: misp_erdos_n1000_p0c0.4_30_s42 (JobID: Submitted batch job 3961159)
[OK] Job 121 enviado: misp_erdos_n1000_p0c0.5_1_s42 (JobID: Submitted batch job 3961160)
[OK] Job 122 enviado: misp_erdos_n1000_p0c0.5_2_s42 (JobID: Submitted batch job 3961161)
[OK] Job 123 enviado: misp_erdos_n1000_p0c0.5_3_s42 (JobID: Submitted batch job 3961162)
[OK] Job 124 enviado: misp_erdos_n1000_p0c0.5_4_s42 (JobID: Submitted batch job 3961163)
[OK] Job 125 enviado: misp_erdos_n1000_p0c0.5_5_s42 (JobID: Submitted batch job 3961164)
[OK] Job 126 enviado: misp_erdos_n1000_p0c0.5_6_s42 (JobID: Submitted batch job 3961165)
[OK] Job 127 enviado: misp_erdos_n1000_p0c0.5_7_s42 (JobID: Submitted batch job 3961166)
[OK] Job 128 enviado: misp_erdos_n1000_p0c0.5_8_s42 (JobID: Submitted batch job 3961167)
[OK] Job 129 enviado: misp_erdos_n1000_p0c0.5_9_s42 (JobID: Submitted batch job 3961168)
[OK] Job 130 enviado: misp_erdos_n1000_p0c0.5_10_s42 (JobID: Submitted batch job 3961169)
[OK] Job 131 enviado: misp_erdos_n1000_p0c0.5_11_s42 (JobID: Submitted batch job 3961170)
[OK] Job 132 enviado: misp_erdos_n1000_p0c0.5_12_s42 (JobID: Submitted batch job 3961171)
[OK] Job 133 enviado: misp_erdos_n1000_p0c0.5_13_s42 (JobID: Submitted batch job 3961172)
[OK] Job 134 enviado: misp_erdos_n1000_p0c0.5_14_s42 (JobID: Submitted batch job 3961173)
[OK] Job 135 enviado: misp_erdos_n1000_p0c0.5_15_s42 (JobID: Submitted batch job 3961174)
[OK] Job 136 enviado: misp_erdos_n1000_p0c0.5_16_s42 (JobID: Submitted batch job 3961175)
[OK] Job 137 enviado: misp_erdos_n1000_p0c0.5_17_s42 (JobID: Submitted batch job 3961176)
[OK] Job 138 enviado: misp_erdos_n1000_p0c0.5_18_s42 (JobID: Submitted batch job 3961177)
[OK] Job 139 enviado: misp_erdos_n1000_p0c0.5_19_s42 (JobID: Submitted batch job 3961178)
[OK] Job 140 enviado: misp_erdos_n1000_p0c0.5_20_s42 (JobID: Submitted batch job 3961179)
[OK] Job 141 enviado: misp_erdos_n1000_p0c0.5_21_s42 (JobID: Submitted batch job 3961180)
[OK] Job 142 enviado: misp_erdos_n1000_p0c0.5_22_s42 (JobID: Submitted batch job 3961181)
[OK] Job 143 enviado: misp_erdos_n1000_p0c0.5_23_s42 (JobID: Submitted batch job 3961182)
[OK] Job 144 enviado: misp_erdos_n1000_p0c0.5_24_s42 (JobID: Submitted batch job 3961183)
[OK] Job 145 enviado: misp_erdos_n1000_p0c0.5_25_s42 (JobID: Submitted batch job 3961184)
[OK] Job 146 enviado: misp_erdos_n1000_p0c0.5_26_s42 (JobID: Submitted batch job 3961185)
[OK] Job 147 enviado: misp_erdos_n1000_p0c0.5_27_s42 (JobID: Submitted batch job 3961186)
[OK] Job 148 enviado: misp_erdos_n1000_p0c0.5_28_s42 (JobID: Submitted batch job 3961187)
[OK] Job 149 enviado: misp_erdos_n1000_p0c0.5_29_s42 (JobID: Submitted batch job 3961188)
[OK] Job 150 enviado: misp_erdos_n1000_p0c0.5_30_s42 (JobID: Submitted batch job 3961189)
[OK] Job 151 enviado: misp_erdos_n1000_p0c0.6_1_s42 (JobID: Submitted batch job 3961190)
[OK] Job 152 enviado: misp_erdos_n1000_p0c0.6_2_s42 (JobID: Submitted batch job 3961191)
[OK] Job 153 enviado: misp_erdos_n1000_p0c0.6_3_s42 (JobID: Submitted batch job 3961192)
[OK] Job 154 enviado: misp_erdos_n1000_p0c0.6_4_s42 (JobID: Submitted batch job 3961193)
[OK] Job 155 enviado: misp_erdos_n1000_p0c0.6_5_s42 (JobID: Submitted batch job 3961194)
[OK] Job 156 enviado: misp_erdos_n1000_p0c0.6_6_s42 (JobID: Submitted batch job 3961195)
[OK] Job 157 enviado: misp_erdos_n1000_p0c0.6_7_s42 (JobID: Submitted batch job 3961196)
[OK] Job 158 enviado: misp_erdos_n1000_p0c0.6_8_s42 (JobID: Submitted batch job 3961197)
[OK] Job 159 enviado: misp_erdos_n1000_p0c0.6_9_s42 (JobID: Submitted batch job 3961198)
[OK] Job 160 enviado: misp_erdos_n1000_p0c0.6_10_s42 (JobID: Submitted batch job 3961199)
[OK] Job 161 enviado: misp_erdos_n1000_p0c0.6_11_s42 (JobID: Submitted batch job 3961200)
[OK] Job 162 enviado: misp_erdos_n1000_p0c0.6_12_s42 (JobID: Submitted batch job 3961201)
[OK] Job 163 enviado: misp_erdos_n1000_p0c0.6_13_s42 (JobID: Submitted batch job 3961202)
[OK] Job 164 enviado: misp_erdos_n1000_p0c0.6_14_s42 (JobID: Submitted batch job 3961203)
[OK] Job 165 enviado: misp_erdos_n1000_p0c0.6_15_s42 (JobID: Submitted batch job 3961204)
[OK] Job 166 enviado: misp_erdos_n1000_p0c0.6_16_s42 (JobID: Submitted batch job 3961205)
[OK] Job 167 enviado: misp_erdos_n1000_p0c0.6_17_s42 (JobID: Submitted batch job 3961206)
[OK] Job 168 enviado: misp_erdos_n1000_p0c0.6_18_s42 (JobID: Submitted batch job 3961207)
[OK] Job 169 enviado: misp_erdos_n1000_p0c0.6_19_s42 (JobID: Submitted batch job 3961208)
[OK] Job 170 enviado: misp_erdos_n1000_p0c0.6_20_s42 (JobID: Submitted batch job 3961209)
[OK] Job 171 enviado: misp_erdos_n1000_p0c0.6_21_s42 (JobID: Submitted batch job 3961210)
[OK] Job 172 enviado: misp_erdos_n1000_p0c0.6_22_s42 (JobID: Submitted batch job 3961211)
[OK] Job 173 enviado: misp_erdos_n1000_p0c0.6_23_s42 (JobID: Submitted batch job 3961212)
[OK] Job 174 enviado: misp_erdos_n1000_p0c0.6_24_s42 (JobID: Submitted batch job 3961213)
[OK] Job 175 enviado: misp_erdos_n1000_p0c0.6_25_s42 (JobID: Submitted batch job 3961214)
[OK] Job 176 enviado: misp_erdos_n1000_p0c0.6_26_s42 (JobID: Submitted batch job 3961215)
[OK] Job 177 enviado: misp_erdos_n1000_p0c0.6_27_s42 (JobID: Submitted batch job 3961216)
[OK] Job 178 enviado: misp_erdos_n1000_p0c0.6_28_s42 (JobID: Submitted batch job 3961217)
[OK] Job 179 enviado: misp_erdos_n1000_p0c0.6_29_s42 (JobID: Submitted batch job 3961218)
[OK] Job 180 enviado: misp_erdos_n1000_p0c0.6_30_s42 (JobID: Submitted batch job 3961219)
[OK] Job 181 enviado: misp_erdos_n1000_p0c0.7_1_s42 (JobID: Submitted batch job 3961220)
[OK] Job 182 enviado: misp_erdos_n1000_p0c0.7_2_s42 (JobID: Submitted batch job 3961221)
[OK] Job 183 enviado: misp_erdos_n1000_p0c0.7_3_s42 (JobID: Submitted batch job 3961222)
[OK] Job 184 enviado: misp_erdos_n1000_p0c0.7_4_s42 (JobID: Submitted batch job 3961223)
[OK] Job 185 enviado: misp_erdos_n1000_p0c0.7_5_s42 (JobID: Submitted batch job 3961224)
[OK] Job 186 enviado: misp_erdos_n1000_p0c0.7_6_s42 (JobID: Submitted batch job 3961225)
[OK] Job 187 enviado: misp_erdos_n1000_p0c0.7_7_s42 (JobID: Submitted batch job 3961226)
[OK] Job 188 enviado: misp_erdos_n1000_p0c0.7_8_s42 (JobID: Submitted batch job 3961227)
[OK] Job 189 enviado: misp_erdos_n1000_p0c0.7_9_s42 (JobID: Submitted batch job 3961228)
[OK] Job 190 enviado: misp_erdos_n1000_p0c0.7_10_s42 (JobID: Submitted batch job 3961229)
[OK] Job 191 enviado: misp_erdos_n1000_p0c0.7_11_s42 (JobID: Submitted batch job 3961230)
[OK] Job 192 enviado: misp_erdos_n1000_p0c0.7_12_s42 (JobID: Submitted batch job 3961231)
[OK] Job 193 enviado: misp_erdos_n1000_p0c0.7_13_s42 (JobID: Submitted batch job 3961232)
[OK] Job 194 enviado: misp_erdos_n1000_p0c0.7_14_s42 (JobID: Submitted batch job 3961233)
[OK] Job 195 enviado: misp_erdos_n1000_p0c0.7_15_s42 (JobID: Submitted batch job 3961234)
[OK] Job 196 enviado: misp_erdos_n1000_p0c0.7_16_s42 (JobID: Submitted batch job 3961235)
[OK] Job 197 enviado: misp_erdos_n1000_p0c0.7_17_s42 (JobID: Submitted batch job 3961236)
[OK] Job 198 enviado: misp_erdos_n1000_p0c0.7_18_s42 (JobID: Submitted batch job 3961237)
[OK] Job 199 enviado: misp_erdos_n1000_p0c0.7_19_s42 (JobID: Submitted batch job 3961238)
[OK] Job 200 enviado: misp_erdos_n1000_p0c0.7_20_s42 (JobID: Submitted batch job 3961239)
[OK] Job 201 enviado: misp_erdos_n1000_p0c0.7_21_s42 (JobID: Submitted batch job 3961240)
[OK] Job 202 enviado: misp_erdos_n1000_p0c0.7_22_s42 (JobID: Submitted batch job 3961241)
[OK] Job 203 enviado: misp_erdos_n1000_p0c0.7_23_s42 (JobID: Submitted batch job 3961242)
[OK] Job 204 enviado: misp_erdos_n1000_p0c0.7_24_s42 (JobID: Submitted batch job 3961243)
[OK] Job 205 enviado: misp_erdos_n1000_p0c0.7_25_s42 (JobID: Submitted batch job 3961244)
[OK] Job 206 enviado: misp_erdos_n1000_p0c0.7_26_s42 (JobID: Submitted batch job 3961245)
[OK] Job 207 enviado: misp_erdos_n1000_p0c0.7_27_s42 (JobID: Submitted batch job 3961246)
[OK] Job 208 enviado: misp_erdos_n1000_p0c0.7_28_s42 (JobID: Submitted batch job 3961247)
[OK] Job 209 enviado: misp_erdos_n1000_p0c0.7_29_s42 (JobID: Submitted batch job 3961248)
[OK] Job 210 enviado: misp_erdos_n1000_p0c0.7_30_s42 (JobID: Submitted batch job 3961249)
[OK] Job 211 enviado: misp_erdos_n1000_p0c0.8_1_s42 (JobID: Submitted batch job 3961250)
[OK] Job 212 enviado: misp_erdos_n1000_p0c0.8_2_s42 (JobID: Submitted batch job 3961251)
[OK] Job 213 enviado: misp_erdos_n1000_p0c0.8_3_s42 (JobID: Submitted batch job 3961252)
[OK] Job 214 enviado: misp_erdos_n1000_p0c0.8_4_s42 (JobID: Submitted batch job 3961253)
[OK] Job 215 enviado: misp_erdos_n1000_p0c0.8_5_s42 (JobID: Submitted batch job 3961254)
[OK] Job 216 enviado: misp_erdos_n1000_p0c0.8_6_s42 (JobID: Submitted batch job 3961255)
[OK] Job 217 enviado: misp_erdos_n1000_p0c0.8_7_s42 (JobID: Submitted batch job 3961256)
[OK] Job 218 enviado: misp_erdos_n1000_p0c0.8_8_s42 (JobID: Submitted batch job 3961257)
[OK] Job 219 enviado: misp_erdos_n1000_p0c0.8_9_s42 (JobID: Submitted batch job 3961258)
[OK] Job 220 enviado: misp_erdos_n1000_p0c0.8_10_s42 (JobID: Submitted batch job 3961259)
[OK] Job 221 enviado: misp_erdos_n1000_p0c0.8_11_s42 (JobID: Submitted batch job 3961260)
[OK] Job 222 enviado: misp_erdos_n1000_p0c0.8_12_s42 (JobID: Submitted batch job 3961261)
[OK] Job 223 enviado: misp_erdos_n1000_p0c0.8_13_s42 (JobID: Submitted batch job 3961262)
[OK] Job 224 enviado: misp_erdos_n1000_p0c0.8_14_s42 (JobID: Submitted batch job 3961263)
[OK] Job 225 enviado: misp_erdos_n1000_p0c0.8_15_s42 (JobID: Submitted batch job 3961264)
[OK] Job 226 enviado: misp_erdos_n1000_p0c0.8_16_s42 (JobID: Submitted batch job 3961265)
[OK] Job 227 enviado: misp_erdos_n1000_p0c0.8_17_s42 (JobID: Submitted batch job 3961266)
[OK] Job 228 enviado: misp_erdos_n1000_p0c0.8_18_s42 (JobID: Submitted batch job 3961267)
[OK] Job 229 enviado: misp_erdos_n1000_p0c0.8_19_s42 (JobID: Submitted batch job 3961268)
[OK] Job 230 enviado: misp_erdos_n1000_p0c0.8_20_s42 (JobID: Submitted batch job 3961269)
[OK] Job 231 enviado: misp_erdos_n1000_p0c0.8_21_s42 (JobID: Submitted batch job 3961270)
[OK] Job 232 enviado: misp_erdos_n1000_p0c0.8_22_s42 (JobID: Submitted batch job 3961271)
[OK] Job 233 enviado: misp_erdos_n1000_p0c0.8_23_s42 (JobID: Submitted batch job 3961272)
[OK] Job 234 enviado: misp_erdos_n1000_p0c0.8_24_s42 (JobID: Submitted batch job 3961273)
[OK] Job 235 enviado: misp_erdos_n1000_p0c0.8_25_s42 (JobID: Submitted batch job 3961274)
[OK] Job 236 enviado: misp_erdos_n1000_p0c0.8_26_s42 (JobID: Submitted batch job 3961275)
[OK] Job 237 enviado: misp_erdos_n1000_p0c0.8_27_s42 (JobID: Submitted batch job 3961276)
[OK] Job 238 enviado: misp_erdos_n1000_p0c0.8_28_s42 (JobID: Submitted batch job 3961277)
[OK] Job 239 enviado: misp_erdos_n1000_p0c0.8_29_s42 (JobID: Submitted batch job 3961278)
[OK] Job 240 enviado: misp_erdos_n1000_p0c0.8_30_s42 (JobID: Submitted batch job 3961279)
[OK] Job 241 enviado: misp_erdos_n1000_p0c0.9_1_s42 (JobID: Submitted batch job 3961280)
[OK] Job 242 enviado: misp_erdos_n1000_p0c0.9_2_s42 (JobID: Submitted batch job 3961281)
[OK] Job 243 enviado: misp_erdos_n1000_p0c0.9_3_s42 (JobID: Submitted batch job 3961282)
[OK] Job 244 enviado: misp_erdos_n1000_p0c0.9_4_s42 (JobID: Submitted batch job 3961283)
[OK] Job 245 enviado: misp_erdos_n1000_p0c0.9_5_s42 (JobID: Submitted batch job 3961284)
[OK] Job 246 enviado: misp_erdos_n1000_p0c0.9_6_s42 (JobID: Submitted batch job 3961285)
[OK] Job 247 enviado: misp_erdos_n1000_p0c0.9_7_s42 (JobID: Submitted batch job 3961286)
[OK] Job 248 enviado: misp_erdos_n1000_p0c0.9_8_s42 (JobID: Submitted batch job 3961287)
[OK] Job 249 enviado: misp_erdos_n1000_p0c0.9_9_s42 (JobID: Submitted batch job 3961288)
[OK] Job 250 enviado: misp_erdos_n1000_p0c0.9_10_s42 (JobID: Submitted batch job 3961289)
[OK] Job 251 enviado: misp_erdos_n1000_p0c0.9_11_s42 (JobID: Submitted batch job 3961290)
[OK] Job 252 enviado: misp_erdos_n1000_p0c0.9_12_s42 (JobID: Submitted batch job 3961291)
[OK] Job 253 enviado: misp_erdos_n1000_p0c0.9_13_s42 (JobID: Submitted batch job 3961292)
[OK] Job 254 enviado: misp_erdos_n1000_p0c0.9_14_s42 (JobID: Submitted batch job 3961293)
[OK] Job 255 enviado: misp_erdos_n1000_p0c0.9_15_s42 (JobID: Submitted batch job 3961294)
[OK] Job 256 enviado: misp_erdos_n1000_p0c0.9_16_s42 (JobID: Submitted batch job 3961295)
[OK] Job 257 enviado: misp_erdos_n1000_p0c0.9_17_s42 (JobID: Submitted batch job 3961296)
[OK] Job 258 enviado: misp_erdos_n1000_p0c0.9_18_s42 (JobID: Submitted batch job 3961297)
[OK] Job 259 enviado: misp_erdos_n1000_p0c0.9_19_s42 (JobID: Submitted batch job 3961298)
[OK] Job 260 enviado: misp_erdos_n1000_p0c0.9_20_s42 (JobID: Submitted batch job 3961299)
[OK] Job 261 enviado: misp_erdos_n1000_p0c0.9_21_s42 (JobID: Submitted batch job 3961300)
[OK] Job 262 enviado: misp_erdos_n1000_p0c0.9_22_s42 (JobID: Submitted batch job 3961301)
[OK] Job 263 enviado: misp_erdos_n1000_p0c0.9_23_s42 (JobID: Submitted batch job 3961302)
[OK] Job 264 enviado: misp_erdos_n1000_p0c0.9_24_s42 (JobID: Submitted batch job 3961303)
[OK] Job 265 enviado: misp_erdos_n1000_p0c0.9_25_s42 (JobID: Submitted batch job 3961304)
[OK] Job 266 enviado: misp_erdos_n1000_p0c0.9_26_s42 (JobID: Submitted batch job 3961305)
[OK] Job 267 enviado: misp_erdos_n1000_p0c0.9_27_s42 (JobID: Submitted batch job 3961306)
[OK] Job 268 enviado: misp_erdos_n1000_p0c0.9_28_s42 (JobID: Submitted batch job 3961307)
[OK] Job 269 enviado: misp_erdos_n1000_p0c0.9_29_s42 (JobID: Submitted batch job 3961308)
[OK] Job 270 enviado: misp_erdos_n1000_p0c0.9_30_s42 (JobID: Submitted batch job 3961309)
[OK] Job 271 enviado: misp_erdos_n2000_p0c0.1_1_s42 (JobID: Submitted batch job 3961310)
[OK] Job 272 enviado: misp_erdos_n2000_p0c0.1_2_s42 (JobID: Submitted batch job 3961311)
[OK] Job 273 enviado: misp_erdos_n2000_p0c0.1_3_s42 (JobID: Submitted batch job 3961312)
[OK] Job 274 enviado: misp_erdos_n2000_p0c0.1_4_s42 (JobID: Submitted batch job 3961313)
[OK] Job 275 enviado: misp_erdos_n2000_p0c0.1_5_s42 (JobID: Submitted batch job 3961314)
[OK] Job 276 enviado: misp_erdos_n2000_p0c0.1_6_s42 (JobID: Submitted batch job 3961315)
[OK] Job 277 enviado: misp_erdos_n2000_p0c0.1_7_s42 (JobID: Submitted batch job 3961316)
[OK] Job 278 enviado: misp_erdos_n2000_p0c0.1_8_s42 (JobID: Submitted batch job 3961317)
[OK] Job 279 enviado: misp_erdos_n2000_p0c0.1_9_s42 (JobID: Submitted batch job 3961318)
[OK] Job 280 enviado: misp_erdos_n2000_p0c0.1_10_s42 (JobID: Submitted batch job 3961319)
[OK] Job 281 enviado: misp_erdos_n2000_p0c0.1_11_s42 (JobID: Submitted batch job 3961320)
[OK] Job 282 enviado: misp_erdos_n2000_p0c0.1_12_s42 (JobID: Submitted batch job 3961321)
[OK] Job 283 enviado: misp_erdos_n2000_p0c0.1_13_s42 (JobID: Submitted batch job 3961322)
[OK] Job 284 enviado: misp_erdos_n2000_p0c0.1_14_s42 (JobID: Submitted batch job 3961323)
[OK] Job 285 enviado: misp_erdos_n2000_p0c0.1_15_s42 (JobID: Submitted batch job 3961324)
[OK] Job 286 enviado: misp_erdos_n2000_p0c0.1_16_s42 (JobID: Submitted batch job 3961325)
[OK] Job 287 enviado: misp_erdos_n2000_p0c0.1_17_s42 (JobID: Submitted batch job 3961326)
[OK] Job 288 enviado: misp_erdos_n2000_p0c0.1_18_s42 (JobID: Submitted batch job 3961327)
[OK] Job 289 enviado: misp_erdos_n2000_p0c0.1_19_s42 (JobID: Submitted batch job 3961328)
[OK] Job 290 enviado: misp_erdos_n2000_p0c0.1_20_s42 (JobID: Submitted batch job 3961329)
[OK] Job 291 enviado: misp_erdos_n2000_p0c0.1_21_s42 (JobID: Submitted batch job 3961330)
[OK] Job 292 enviado: misp_erdos_n2000_p0c0.1_22_s42 (JobID: Submitted batch job 3961331)
[OK] Job 293 enviado: misp_erdos_n2000_p0c0.1_23_s42 (JobID: Submitted batch job 3961332)
[OK] Job 294 enviado: misp_erdos_n2000_p0c0.1_24_s42 (JobID: Submitted batch job 3961333)
[OK] Job 295 enviado: misp_erdos_n2000_p0c0.1_25_s42 (JobID: Submitted batch job 3961334)
[OK] Job 296 enviado: misp_erdos_n2000_p0c0.1_26_s42 (JobID: Submitted batch job 3961335)
[OK] Job 297 enviado: misp_erdos_n2000_p0c0.1_27_s42 (JobID: Submitted batch job 3961336)
[OK] Job 298 enviado: misp_erdos_n2000_p0c0.1_28_s42 (JobID: Submitted batch job 3961337)
[OK] Job 299 enviado: misp_erdos_n2000_p0c0.1_29_s42 (JobID: Submitted batch job 3961338)
[OK] Job 300 enviado: misp_erdos_n2000_p0c0.1_30_s42 (JobID: Submitted batch job 3961339)
[OK] Job 301 enviado: misp_erdos_n2000_p0c0.2_1_s42 (JobID: Submitted batch job 3961340)
[OK] Job 302 enviado: misp_erdos_n2000_p0c0.2_2_s42 (JobID: Submitted batch job 3961341)
[OK] Job 303 enviado: misp_erdos_n2000_p0c0.2_3_s42 (JobID: Submitted batch job 3961342)
[OK] Job 304 enviado: misp_erdos_n2000_p0c0.2_4_s42 (JobID: Submitted batch job 3961343)
[OK] Job 305 enviado: misp_erdos_n2000_p0c0.2_5_s42 (JobID: Submitted batch job 3961344)
[OK] Job 306 enviado: misp_erdos_n2000_p0c0.2_6_s42 (JobID: Submitted batch job 3961345)
[OK] Job 307 enviado: misp_erdos_n2000_p0c0.2_7_s42 (JobID: Submitted batch job 3961346)
[OK] Job 308 enviado: misp_erdos_n2000_p0c0.2_8_s42 (JobID: Submitted batch job 3961347)
[OK] Job 309 enviado: misp_erdos_n2000_p0c0.2_9_s42 (JobID: Submitted batch job 3961348)
[OK] Job 310 enviado: misp_erdos_n2000_p0c0.2_10_s42 (JobID: Submitted batch job 3961349)
[OK] Job 311 enviado: misp_erdos_n2000_p0c0.2_11_s42 (JobID: Submitted batch job 3961350)
[OK] Job 312 enviado: misp_erdos_n2000_p0c0.2_12_s42 (JobID: Submitted batch job 3961351)
[OK] Job 313 enviado: misp_erdos_n2000_p0c0.2_13_s42 (JobID: Submitted batch job 3961352)
[OK] Job 314 enviado: misp_erdos_n2000_p0c0.2_14_s42 (JobID: Submitted batch job 3961353)
[OK] Job 315 enviado: misp_erdos_n2000_p0c0.2_15_s42 (JobID: Submitted batch job 3961354)
[OK] Job 316 enviado: misp_erdos_n2000_p0c0.2_16_s42 (JobID: Submitted batch job 3961355)
[OK] Job 317 enviado: misp_erdos_n2000_p0c0.2_17_s42 (JobID: Submitted batch job 3961356)
[OK] Job 318 enviado: misp_erdos_n2000_p0c0.2_18_s42 (JobID: Submitted batch job 3961357)
[OK] Job 319 enviado: misp_erdos_n2000_p0c0.2_19_s42 (JobID: Submitted batch job 3961358)
[OK] Job 320 enviado: misp_erdos_n2000_p0c0.2_20_s42 (JobID: Submitted batch job 3961359)
[OK] Job 321 enviado: misp_erdos_n2000_p0c0.2_21_s42 (JobID: Submitted batch job 3961360)
[OK] Job 322 enviado: misp_erdos_n2000_p0c0.2_22_s42 (JobID: Submitted batch job 3961361)
[OK] Job 323 enviado: misp_erdos_n2000_p0c0.2_23_s42 (JobID: Submitted batch job 3961362)
[OK] Job 324 enviado: misp_erdos_n2000_p0c0.2_24_s42 (JobID: Submitted batch job 3961363)
[OK] Job 325 enviado: misp_erdos_n2000_p0c0.2_25_s42 (JobID: Submitted batch job 3961364)
[OK] Job 326 enviado: misp_erdos_n2000_p0c0.2_26_s42 (JobID: Submitted batch job 3961365)
[OK] Job 327 enviado: misp_erdos_n2000_p0c0.2_27_s42 (JobID: Submitted batch job 3961366)
[OK] Job 328 enviado: misp_erdos_n2000_p0c0.2_28_s42 (JobID: Submitted batch job 3961367)
[OK] Job 329 enviado: misp_erdos_n2000_p0c0.2_29_s42 (JobID: Submitted batch job 3961368)
[OK] Job 330 enviado: misp_erdos_n2000_p0c0.2_30_s42 (JobID: Submitted batch job 3961369)
[OK] Job 331 enviado: misp_erdos_n2000_p0c0.3_1_s42 (JobID: Submitted batch job 3961370)
[OK] Job 332 enviado: misp_erdos_n2000_p0c0.3_2_s42 (JobID: Submitted batch job 3961371)
[OK] Job 333 enviado: misp_erdos_n2000_p0c0.3_3_s42 (JobID: Submitted batch job 3961372)
[OK] Job 334 enviado: misp_erdos_n2000_p0c0.3_4_s42 (JobID: Submitted batch job 3961373)
[OK] Job 335 enviado: misp_erdos_n2000_p0c0.3_5_s42 (JobID: Submitted batch job 3961374)
[OK] Job 336 enviado: misp_erdos_n2000_p0c0.3_6_s42 (JobID: Submitted batch job 3961375)
[OK] Job 337 enviado: misp_erdos_n2000_p0c0.3_7_s42 (JobID: Submitted batch job 3961376)
[OK] Job 338 enviado: misp_erdos_n2000_p0c0.3_8_s42 (JobID: Submitted batch job 3961377)
[OK] Job 339 enviado: misp_erdos_n2000_p0c0.3_9_s42 (JobID: Submitted batch job 3961378)
[OK] Job 340 enviado: misp_erdos_n2000_p0c0.3_10_s42 (JobID: Submitted batch job 3961379)
[OK] Job 341 enviado: misp_erdos_n2000_p0c0.3_11_s42 (JobID: Submitted batch job 3961380)
[OK] Job 342 enviado: misp_erdos_n2000_p0c0.3_12_s42 (JobID: Submitted batch job 3961381)
[OK] Job 343 enviado: misp_erdos_n2000_p0c0.3_13_s42 (JobID: Submitted batch job 3961382)
[OK] Job 344 enviado: misp_erdos_n2000_p0c0.3_14_s42 (JobID: Submitted batch job 3961383)
[OK] Job 345 enviado: misp_erdos_n2000_p0c0.3_15_s42 (JobID: Submitted batch job 3961384)
[OK] Job 346 enviado: misp_erdos_n2000_p0c0.3_16_s42 (JobID: Submitted batch job 3961385)
[OK] Job 347 enviado: misp_erdos_n2000_p0c0.3_17_s42 (JobID: Submitted batch job 3961386)
[OK] Job 348 enviado: misp_erdos_n2000_p0c0.3_18_s42 (JobID: Submitted batch job 3961387)
[OK] Job 349 enviado: misp_erdos_n2000_p0c0.3_19_s42 (JobID: Submitted batch job 3961388)
[OK] Job 350 enviado: misp_erdos_n2000_p0c0.3_20_s42 (JobID: Submitted batch job 3961389)
[OK] Job 351 enviado: misp_erdos_n2000_p0c0.3_21_s42 (JobID: Submitted batch job 3961390)
[OK] Job 352 enviado: misp_erdos_n2000_p0c0.3_22_s42 (JobID: Submitted batch job 3961391)
[OK] Job 353 enviado: misp_erdos_n2000_p0c0.3_23_s42 (JobID: Submitted batch job 3961392)
[OK] Job 354 enviado: misp_erdos_n2000_p0c0.3_24_s42 (JobID: Submitted batch job 3961393)
[OK] Job 355 enviado: misp_erdos_n2000_p0c0.3_25_s42 (JobID: Submitted batch job 3961394)
[OK] Job 356 enviado: misp_erdos_n2000_p0c0.3_26_s42 (JobID: Submitted batch job 3961395)
[OK] Job 357 enviado: misp_erdos_n2000_p0c0.3_27_s42 (JobID: Submitted batch job 3961396)
[OK] Job 358 enviado: misp_erdos_n2000_p0c0.3_28_s42 (JobID: Submitted batch job 3961397)
[OK] Job 359 enviado: misp_erdos_n2000_p0c0.3_29_s42 (JobID: Submitted batch job 3961398)
[OK] Job 360 enviado: misp_erdos_n2000_p0c0.3_30_s42 (JobID: Submitted batch job 3961399)
[OK] Job 361 enviado: misp_erdos_n2000_p0c0.4_1_s42 (JobID: Submitted batch job 3961400)
[OK] Job 362 enviado: misp_erdos_n2000_p0c0.4_2_s42 (JobID: Submitted batch job 3961401)
[OK] Job 363 enviado: misp_erdos_n2000_p0c0.4_3_s42 (JobID: Submitted batch job 3961402)
[OK] Job 364 enviado: misp_erdos_n2000_p0c0.4_4_s42 (JobID: Submitted batch job 3961403)
[OK] Job 365 enviado: misp_erdos_n2000_p0c0.4_5_s42 (JobID: Submitted batch job 3961404)
[OK] Job 366 enviado: misp_erdos_n2000_p0c0.4_6_s42 (JobID: Submitted batch job 3961405)
[OK] Job 367 enviado: misp_erdos_n2000_p0c0.4_7_s42 (JobID: Submitted batch job 3961406)
[OK] Job 368 enviado: misp_erdos_n2000_p0c0.4_8_s42 (JobID: Submitted batch job 3961407)
[OK] Job 369 enviado: misp_erdos_n2000_p0c0.4_9_s42 (JobID: Submitted batch job 3961408)
[OK] Job 370 enviado: misp_erdos_n2000_p0c0.4_10_s42 (JobID: Submitted batch job 3961409)
[OK] Job 371 enviado: misp_erdos_n2000_p0c0.4_11_s42 (JobID: Submitted batch job 3961410)
[OK] Job 372 enviado: misp_erdos_n2000_p0c0.4_12_s42 (JobID: Submitted batch job 3961411)
[OK] Job 373 enviado: misp_erdos_n2000_p0c0.4_13_s42 (JobID: Submitted batch job 3961412)
[OK] Job 374 enviado: misp_erdos_n2000_p0c0.4_14_s42 (JobID: Submitted batch job 3961413)
[OK] Job 375 enviado: misp_erdos_n2000_p0c0.4_15_s42 (JobID: Submitted batch job 3961414)
[OK] Job 376 enviado: misp_erdos_n2000_p0c0.4_16_s42 (JobID: Submitted batch job 3961415)
[OK] Job 377 enviado: misp_erdos_n2000_p0c0.4_17_s42 (JobID: Submitted batch job 3961416)
[OK] Job 378 enviado: misp_erdos_n2000_p0c0.4_18_s42 (JobID: Submitted batch job 3961417)
[OK] Job 379 enviado: misp_erdos_n2000_p0c0.4_19_s42 (JobID: Submitted batch job 3961418)
[OK] Job 380 enviado: misp_erdos_n2000_p0c0.4_20_s42 (JobID: Submitted batch job 3961419)
[OK] Job 381 enviado: misp_erdos_n2000_p0c0.4_21_s42 (JobID: Submitted batch job 3961420)
[OK] Job 382 enviado: misp_erdos_n2000_p0c0.4_22_s42 (JobID: Submitted batch job 3961421)
[OK] Job 383 enviado: misp_erdos_n2000_p0c0.4_23_s42 (JobID: Submitted batch job 3961422)
[OK] Job 384 enviado: misp_erdos_n2000_p0c0.4_24_s42 (JobID: Submitted batch job 3961423)
[OK] Job 385 enviado: misp_erdos_n2000_p0c0.4_25_s42 (JobID: Submitted batch job 3961424)
[OK] Job 386 enviado: misp_erdos_n2000_p0c0.4_26_s42 (JobID: Submitted batch job 3961425)
[OK] Job 387 enviado: misp_erdos_n2000_p0c0.4_27_s42 (JobID: Submitted batch job 3961426)
[OK] Job 388 enviado: misp_erdos_n2000_p0c0.4_28_s42 (JobID: Submitted batch job 3961427)
[OK] Job 389 enviado: misp_erdos_n2000_p0c0.4_29_s42 (JobID: Submitted batch job 3961428)
[OK] Job 390 enviado: misp_erdos_n2000_p0c0.4_30_s42 (JobID: Submitted batch job 3961429)
[OK] Job 391 enviado: misp_erdos_n2000_p0c0.5_1_s42 (JobID: Submitted batch job 3961430)
[OK] Job 392 enviado: misp_erdos_n2000_p0c0.5_2_s42 (JobID: Submitted batch job 3961431)
[OK] Job 393 enviado: misp_erdos_n2000_p0c0.5_3_s42 (JobID: Submitted batch job 3961432)
[OK] Job 394 enviado: misp_erdos_n2000_p0c0.5_4_s42 (JobID: Submitted batch job 3961433)
[OK] Job 395 enviado: misp_erdos_n2000_p0c0.5_5_s42 (JobID: Submitted batch job 3961434)
[OK] Job 396 enviado: misp_erdos_n2000_p0c0.5_6_s42 (JobID: Submitted batch job 3961435)
[OK] Job 397 enviado: misp_erdos_n2000_p0c0.5_7_s42 (JobID: Submitted batch job 3961436)
[OK] Job 398 enviado: misp_erdos_n2000_p0c0.5_8_s42 (JobID: Submitted batch job 3961437)
[OK] Job 399 enviado: misp_erdos_n2000_p0c0.5_9_s42 (JobID: Submitted batch job 3961438)
[OK] Job 400 enviado: misp_erdos_n2000_p0c0.5_10_s42 (JobID: Submitted batch job 3961439)
[OK] Job 401 enviado: misp_erdos_n2000_p0c0.5_11_s42 (JobID: Submitted batch job 3961440)
[OK] Job 402 enviado: misp_erdos_n2000_p0c0.5_12_s42 (JobID: Submitted batch job 3961441)
[OK] Job 403 enviado: misp_erdos_n2000_p0c0.5_13_s42 (JobID: Submitted batch job 3961442)
[OK] Job 404 enviado: misp_erdos_n2000_p0c0.5_14_s42 (JobID: Submitted batch job 3961443)
[OK] Job 405 enviado: misp_erdos_n2000_p0c0.5_15_s42 (JobID: Submitted batch job 3961444)
[OK] Job 406 enviado: misp_erdos_n2000_p0c0.5_16_s42 (JobID: Submitted batch job 3961445)
[OK] Job 407 enviado: misp_erdos_n2000_p0c0.5_17_s42 (JobID: Submitted batch job 3961446)
[OK] Job 408 enviado: misp_erdos_n2000_p0c0.5_18_s42 (JobID: Submitted batch job 3961447)
[OK] Job 409 enviado: misp_erdos_n2000_p0c0.5_19_s42 (JobID: Submitted batch job 3961448)
[OK] Job 410 enviado: misp_erdos_n2000_p0c0.5_20_s42 (JobID: Submitted batch job 3961449)
[OK] Job 411 enviado: misp_erdos_n2000_p0c0.5_21_s42 (JobID: Submitted batch job 3961450)
[OK] Job 412 enviado: misp_erdos_n2000_p0c0.5_22_s42 (JobID: Submitted batch job 3961451)
[OK] Job 413 enviado: misp_erdos_n2000_p0c0.5_23_s42 (JobID: Submitted batch job 3961452)
[OK] Job 414 enviado: misp_erdos_n2000_p0c0.5_24_s42 (JobID: Submitted batch job 3961453)
[OK] Job 415 enviado: misp_erdos_n2000_p0c0.5_25_s42 (JobID: Submitted batch job 3961454)
[OK] Job 416 enviado: misp_erdos_n2000_p0c0.5_26_s42 (JobID: Submitted batch job 3961455)
[OK] Job 417 enviado: misp_erdos_n2000_p0c0.5_27_s42 (JobID: Submitted batch job 3961456)
[OK] Job 418 enviado: misp_erdos_n2000_p0c0.5_28_s42 (JobID: Submitted batch job 3961457)
[OK] Job 419 enviado: misp_erdos_n2000_p0c0.5_29_s42 (JobID: Submitted batch job 3961458)
[OK] Job 420 enviado: misp_erdos_n2000_p0c0.5_30_s42 (JobID: Submitted batch job 3961459)
[OK] Job 421 enviado: misp_erdos_n2000_p0c0.6_1_s42 (JobID: Submitted batch job 3961460)
[OK] Job 422 enviado: misp_erdos_n2000_p0c0.6_2_s42 (JobID: Submitted batch job 3961461)
[OK] Job 423 enviado: misp_erdos_n2000_p0c0.6_3_s42 (JobID: Submitted batch job 3961462)
[OK] Job 424 enviado: misp_erdos_n2000_p0c0.6_4_s42 (JobID: Submitted batch job 3961463)
[OK] Job 425 enviado: misp_erdos_n2000_p0c0.6_5_s42 (JobID: Submitted batch job 3961464)
[OK] Job 426 enviado: misp_erdos_n2000_p0c0.6_6_s42 (JobID: Submitted batch job 3961465)
[OK] Job 427 enviado: misp_erdos_n2000_p0c0.6_7_s42 (JobID: Submitted batch job 3961466)
[OK] Job 428 enviado: misp_erdos_n2000_p0c0.6_8_s42 (JobID: Submitted batch job 3961467)
[OK] Job 429 enviado: misp_erdos_n2000_p0c0.6_9_s42 (JobID: Submitted batch job 3961468)
[OK] Job 430 enviado: misp_erdos_n2000_p0c0.6_10_s42 (JobID: Submitted batch job 3961469)
[OK] Job 431 enviado: misp_erdos_n2000_p0c0.6_11_s42 (JobID: Submitted batch job 3961470)
[OK] Job 432 enviado: misp_erdos_n2000_p0c0.6_12_s42 (JobID: Submitted batch job 3961471)
[OK] Job 433 enviado: misp_erdos_n2000_p0c0.6_13_s42 (JobID: Submitted batch job 3961472)
[OK] Job 434 enviado: misp_erdos_n2000_p0c0.6_14_s42 (JobID: Submitted batch job 3961473)
[OK] Job 435 enviado: misp_erdos_n2000_p0c0.6_15_s42 (JobID: Submitted batch job 3961474)
[OK] Job 436 enviado: misp_erdos_n2000_p0c0.6_16_s42 (JobID: Submitted batch job 3961475)
[OK] Job 437 enviado: misp_erdos_n2000_p0c0.6_17_s42 (JobID: Submitted batch job 3961476)
[OK] Job 438 enviado: misp_erdos_n2000_p0c0.6_18_s42 (JobID: Submitted batch job 3961477)
[OK] Job 439 enviado: misp_erdos_n2000_p0c0.6_19_s42 (JobID: Submitted batch job 3961478)
[OK] Job 440 enviado: misp_erdos_n2000_p0c0.6_20_s42 (JobID: Submitted batch job 3961479)
[OK] Job 441 enviado: misp_erdos_n2000_p0c0.6_21_s42 (JobID: Submitted batch job 3961480)
[OK] Job 442 enviado: misp_erdos_n2000_p0c0.6_22_s42 (JobID: Submitted batch job 3961481)
[OK] Job 443 enviado: misp_erdos_n2000_p0c0.6_23_s42 (JobID: Submitted batch job 3961482)
[OK] Job 444 enviado: misp_erdos_n2000_p0c0.6_24_s42 (JobID: Submitted batch job 3961483)
[OK] Job 445 enviado: misp_erdos_n2000_p0c0.6_25_s42 (JobID: Submitted batch job 3961484)
[OK] Job 446 enviado: misp_erdos_n2000_p0c0.6_26_s42 (JobID: Submitted batch job 3961485)
[OK] Job 447 enviado: misp_erdos_n2000_p0c0.6_27_s42 (JobID: Submitted batch job 3961486)
[OK] Job 448 enviado: misp_erdos_n2000_p0c0.6_28_s42 (JobID: Submitted batch job 3961487)
[OK] Job 449 enviado: misp_erdos_n2000_p0c0.6_29_s42 (JobID: Submitted batch job 3961488)
[OK] Job 450 enviado: misp_erdos_n2000_p0c0.6_30_s42 (JobID: Submitted batch job 3961489)
[OK] Job 451 enviado: misp_erdos_n2000_p0c0.7_1_s42 (JobID: Submitted batch job 3961490)
[OK] Job 452 enviado: misp_erdos_n2000_p0c0.7_2_s42 (JobID: Submitted batch job 3961491)
[OK] Job 453 enviado: misp_erdos_n2000_p0c0.7_3_s42 (JobID: Submitted batch job 3961492)
[OK] Job 454 enviado: misp_erdos_n2000_p0c0.7_4_s42 (JobID: Submitted batch job 3961493)
[OK] Job 455 enviado: misp_erdos_n2000_p0c0.7_5_s42 (JobID: Submitted batch job 3961494)
[OK] Job 456 enviado: misp_erdos_n2000_p0c0.7_6_s42 (JobID: Submitted batch job 3961495)
[OK] Job 457 enviado: misp_erdos_n2000_p0c0.7_7_s42 (JobID: Submitted batch job 3961496)
[OK] Job 458 enviado: misp_erdos_n2000_p0c0.7_8_s42 (JobID: Submitted batch job 3961497)
[OK] Job 459 enviado: misp_erdos_n2000_p0c0.7_9_s42 (JobID: Submitted batch job 3961498)
[OK] Job 460 enviado: misp_erdos_n2000_p0c0.7_10_s42 (JobID: Submitted batch job 3961499)
[OK] Job 461 enviado: misp_erdos_n2000_p0c0.7_11_s42 (JobID: Submitted batch job 3961500)
[OK] Job 462 enviado: misp_erdos_n2000_p0c0.7_12_s42 (JobID: Submitted batch job 3961501)
[OK] Job 463 enviado: misp_erdos_n2000_p0c0.7_13_s42 (JobID: Submitted batch job 3961502)
[OK] Job 464 enviado: misp_erdos_n2000_p0c0.7_14_s42 (JobID: Submitted batch job 3961503)
[OK] Job 465 enviado: misp_erdos_n2000_p0c0.7_15_s42 (JobID: Submitted batch job 3961504)
[OK] Job 466 enviado: misp_erdos_n2000_p0c0.7_16_s42 (JobID: Submitted batch job 3961505)
[OK] Job 467 enviado: misp_erdos_n2000_p0c0.7_17_s42 (JobID: Submitted batch job 3961506)
[OK] Job 468 enviado: misp_erdos_n2000_p0c0.7_18_s42 (JobID: Submitted batch job 3961507)
[OK] Job 469 enviado: misp_erdos_n2000_p0c0.7_19_s42 (JobID: Submitted batch job 3961508)
[OK] Job 470 enviado: misp_erdos_n2000_p0c0.7_20_s42 (JobID: Submitted batch job 3961509)
[OK] Job 471 enviado: misp_erdos_n2000_p0c0.7_21_s42 (JobID: Submitted batch job 3961510)
[OK] Job 472 enviado: misp_erdos_n2000_p0c0.7_22_s42 (JobID: Submitted batch job 3961511)
[OK] Job 473 enviado: misp_erdos_n2000_p0c0.7_23_s42 (JobID: Submitted batch job 3961512)
[OK] Job 474 enviado: misp_erdos_n2000_p0c0.7_24_s42 (JobID: Submitted batch job 3961513)
[OK] Job 475 enviado: misp_erdos_n2000_p0c0.7_25_s42 (JobID: Submitted batch job 3961514)
[OK] Job 476 enviado: misp_erdos_n2000_p0c0.7_26_s42 (JobID: Submitted batch job 3961515)
[OK] Job 477 enviado: misp_erdos_n2000_p0c0.7_27_s42 (JobID: Submitted batch job 3961516)
[OK] Job 478 enviado: misp_erdos_n2000_p0c0.7_28_s42 (JobID: Submitted batch job 3961517)
[OK] Job 479 enviado: misp_erdos_n2000_p0c0.7_29_s42 (JobID: Submitted batch job 3961518)
[OK] Job 480 enviado: misp_erdos_n2000_p0c0.7_30_s42 (JobID: Submitted batch job 3961519)
[OK] Job 481 enviado: misp_erdos_n2000_p0c0.8_1_s42 (JobID: Submitted batch job 3961520)
[OK] Job 482 enviado: misp_erdos_n2000_p0c0.8_2_s42 (JobID: Submitted batch job 3961521)
[OK] Job 483 enviado: misp_erdos_n2000_p0c0.8_3_s42 (JobID: Submitted batch job 3961522)
[OK] Job 484 enviado: misp_erdos_n2000_p0c0.8_4_s42 (JobID: Submitted batch job 3961523)
[OK] Job 485 enviado: misp_erdos_n2000_p0c0.8_5_s42 (JobID: Submitted batch job 3961524)
[OK] Job 486 enviado: misp_erdos_n2000_p0c0.8_6_s42 (JobID: Submitted batch job 3961525)
[OK] Job 487 enviado: misp_erdos_n2000_p0c0.8_7_s42 (JobID: Submitted batch job 3961526)
[OK] Job 488 enviado: misp_erdos_n2000_p0c0.8_8_s42 (JobID: Submitted batch job 3961527)
[OK] Job 489 enviado: misp_erdos_n2000_p0c0.8_9_s42 (JobID: Submitted batch job 3961528)
[OK] Job 490 enviado: misp_erdos_n2000_p0c0.8_10_s42 (JobID: Submitted batch job 3961529)
[OK] Job 491 enviado: misp_erdos_n2000_p0c0.8_11_s42 (JobID: Submitted batch job 3961530)
[OK] Job 492 enviado: misp_erdos_n2000_p0c0.8_12_s42 (JobID: Submitted batch job 3961531)
[OK] Job 493 enviado: misp_erdos_n2000_p0c0.8_13_s42 (JobID: Submitted batch job 3961532)
[OK] Job 494 enviado: misp_erdos_n2000_p0c0.8_14_s42 (JobID: Submitted batch job 3961533)
[OK] Job 495 enviado: misp_erdos_n2000_p0c0.8_15_s42 (JobID: Submitted batch job 3961534)
[OK] Job 496 enviado: misp_erdos_n2000_p0c0.8_16_s42 (JobID: Submitted batch job 3961535)
[OK] Job 497 enviado: misp_erdos_n2000_p0c0.8_17_s42 (JobID: Submitted batch job 3961536)
[OK] Job 498 enviado: misp_erdos_n2000_p0c0.8_18_s42 (JobID: Submitted batch job 3961537)
[OK] Job 499 enviado: misp_erdos_n2000_p0c0.8_19_s42 (JobID: Submitted batch job 3961538)
[OK] Job 500 enviado: misp_erdos_n2000_p0c0.8_20_s42 (JobID: Submitted batch job 3961539)
[OK] Job 501 enviado: misp_erdos_n2000_p0c0.8_21_s42 (JobID: Submitted batch job 3961540)
[OK] Job 502 enviado: misp_erdos_n2000_p0c0.8_22_s42 (JobID: Submitted batch job 3961541)
[OK] Job 503 enviado: misp_erdos_n2000_p0c0.8_23_s42 (JobID: Submitted batch job 3961542)
[OK] Job 504 enviado: misp_erdos_n2000_p0c0.8_24_s42 (JobID: Submitted batch job 3961543)
[OK] Job 505 enviado: misp_erdos_n2000_p0c0.8_25_s42 (JobID: Submitted batch job 3961544)
[OK] Job 506 enviado: misp_erdos_n2000_p0c0.8_26_s42 (JobID: Submitted batch job 3961545)
[OK] Job 507 enviado: misp_erdos_n2000_p0c0.8_27_s42 (JobID: Submitted batch job 3961546)
[OK] Job 508 enviado: misp_erdos_n2000_p0c0.8_28_s42 (JobID: Submitted batch job 3961547)
[OK] Job 509 enviado: misp_erdos_n2000_p0c0.8_29_s42 (JobID: Submitted batch job 3961548)
[OK] Job 510 enviado: misp_erdos_n2000_p0c0.8_30_s42 (JobID: Submitted batch job 3961549)
[OK] Job 511 enviado: misp_erdos_n2000_p0c0.9_1_s42 (JobID: Submitted batch job 3961550)
[OK] Job 512 enviado: misp_erdos_n2000_p0c0.9_2_s42 (JobID: Submitted batch job 3961551)
[OK] Job 513 enviado: misp_erdos_n2000_p0c0.9_3_s42 (JobID: Submitted batch job 3961552)
[OK] Job 514 enviado: misp_erdos_n2000_p0c0.9_4_s42 (JobID: Submitted batch job 3961553)
[OK] Job 515 enviado: misp_erdos_n2000_p0c0.9_5_s42 (JobID: Submitted batch job 3961554)
[OK] Job 516 enviado: misp_erdos_n2000_p0c0.9_6_s42 (JobID: Submitted batch job 3961555)
[OK] Job 517 enviado: misp_erdos_n2000_p0c0.9_7_s42 (JobID: Submitted batch job 3961556)
[OK] Job 518 enviado: misp_erdos_n2000_p0c0.9_8_s42 (JobID: Submitted batch job 3961557)
[OK] Job 519 enviado: misp_erdos_n2000_p0c0.9_9_s42 (JobID: Submitted batch job 3961558)
[OK] Job 520 enviado: misp_erdos_n2000_p0c0.9_10_s42 (JobID: Submitted batch job 3961559)
[OK] Job 521 enviado: misp_erdos_n2000_p0c0.9_11_s42 (JobID: Submitted batch job 3961560)
[OK] Job 522 enviado: misp_erdos_n2000_p0c0.9_12_s42 (JobID: Submitted batch job 3961561)
[OK] Job 523 enviado: misp_erdos_n2000_p0c0.9_13_s42 (JobID: Submitted batch job 3961562)
[OK] Job 524 enviado: misp_erdos_n2000_p0c0.9_14_s42 (JobID: Submitted batch job 3961563)
[OK] Job 525 enviado: misp_erdos_n2000_p0c0.9_15_s42 (JobID: Submitted batch job 3961564)
[OK] Job 526 enviado: misp_erdos_n2000_p0c0.9_16_s42 (JobID: Submitted batch job 3961565)
[OK] Job 527 enviado: misp_erdos_n2000_p0c0.9_17_s42 (JobID: Submitted batch job 3961566)
[OK] Job 528 enviado: misp_erdos_n2000_p0c0.9_18_s42 (JobID: Submitted batch job 3961567)
[OK] Job 529 enviado: misp_erdos_n2000_p0c0.9_19_s42 (JobID: Submitted batch job 3961568)
[OK] Job 530 enviado: misp_erdos_n2000_p0c0.9_20_s42 (JobID: Submitted batch job 3961569)
[OK] Job 531 enviado: misp_erdos_n2000_p0c0.9_21_s42 (JobID: Submitted batch job 3961570)
[OK] Job 532 enviado: misp_erdos_n2000_p0c0.9_22_s42 (JobID: Submitted batch job 3961571)
[OK] Job 533 enviado: misp_erdos_n2000_p0c0.9_23_s42 (JobID: Submitted batch job 3961572)
[OK] Job 534 enviado: misp_erdos_n2000_p0c0.9_24_s42 (JobID: Submitted batch job 3961573)
[OK] Job 535 enviado: misp_erdos_n2000_p0c0.9_25_s42 (JobID: Submitted batch job 3961574)
[OK] Job 536 enviado: misp_erdos_n2000_p0c0.9_26_s42 (JobID: Submitted batch job 3961575)
[OK] Job 537 enviado: misp_erdos_n2000_p0c0.9_27_s42 (JobID: Submitted batch job 3961576)
[OK] Job 538 enviado: misp_erdos_n2000_p0c0.9_28_s42 (JobID: Submitted batch job 3961577)
[OK] Job 539 enviado: misp_erdos_n2000_p0c0.9_29_s42 (JobID: Submitted batch job 3961578)
[OK] Job 540 enviado: misp_erdos_n2000_p0c0.9_30_s42 (JobID: Submitted batch job 3961579)
[OK] Job 541 enviado: misp_erdos_n3000_p0c0.1_1_s42 (JobID: Submitted batch job 3961580)
[OK] Job 542 enviado: misp_erdos_n3000_p0c0.1_2_s42 (JobID: Submitted batch job 3961581)
[OK] Job 543 enviado: misp_erdos_n3000_p0c0.1_3_s42 (JobID: Submitted batch job 3961582)
[OK] Job 544 enviado: misp_erdos_n3000_p0c0.1_4_s42 (JobID: Submitted batch job 3961583)
[OK] Job 545 enviado: misp_erdos_n3000_p0c0.1_5_s42 (JobID: Submitted batch job 3961584)
[OK] Job 546 enviado: misp_erdos_n3000_p0c0.1_6_s42 (JobID: Submitted batch job 3961585)
[OK] Job 547 enviado: misp_erdos_n3000_p0c0.1_7_s42 (JobID: Submitted batch job 3961586)
[OK] Job 548 enviado: misp_erdos_n3000_p0c0.1_8_s42 (JobID: Submitted batch job 3961587)
[OK] Job 549 enviado: misp_erdos_n3000_p0c0.1_9_s42 (JobID: Submitted batch job 3961588)
[OK] Job 550 enviado: misp_erdos_n3000_p0c0.1_10_s42 (JobID: Submitted batch job 3961589)
[OK] Job 551 enviado: misp_erdos_n3000_p0c0.1_11_s42 (JobID: Submitted batch job 3961590)
[OK] Job 552 enviado: misp_erdos_n3000_p0c0.1_12_s42 (JobID: Submitted batch job 3961591)
[OK] Job 553 enviado: misp_erdos_n3000_p0c0.1_13_s42 (JobID: Submitted batch job 3961592)
[OK] Job 554 enviado: misp_erdos_n3000_p0c0.1_14_s42 (JobID: Submitted batch job 3961593)
[OK] Job 555 enviado: misp_erdos_n3000_p0c0.1_15_s42 (JobID: Submitted batch job 3961594)
[OK] Job 556 enviado: misp_erdos_n3000_p0c0.1_16_s42 (JobID: Submitted batch job 3961595)
[OK] Job 557 enviado: misp_erdos_n3000_p0c0.1_17_s42 (JobID: Submitted batch job 3961596)
[OK] Job 558 enviado: misp_erdos_n3000_p0c0.1_18_s42 (JobID: Submitted batch job 3961597)
[OK] Job 559 enviado: misp_erdos_n3000_p0c0.1_19_s42 (JobID: Submitted batch job 3961598)
[OK] Job 560 enviado: misp_erdos_n3000_p0c0.1_20_s42 (JobID: Submitted batch job 3961599)
[OK] Job 561 enviado: misp_erdos_n3000_p0c0.1_21_s42 (JobID: Submitted batch job 3961600)
[OK] Job 562 enviado: misp_erdos_n3000_p0c0.1_22_s42 (JobID: Submitted batch job 3961601)
[OK] Job 563 enviado: misp_erdos_n3000_p0c0.1_23_s42 (JobID: Submitted batch job 3961602)
[OK] Job 564 enviado: misp_erdos_n3000_p0c0.1_24_s42 (JobID: Submitted batch job 3961603)
[OK] Job 565 enviado: misp_erdos_n3000_p0c0.1_25_s42 (JobID: Submitted batch job 3961604)
[OK] Job 566 enviado: misp_erdos_n3000_p0c0.1_26_s42 (JobID: Submitted batch job 3961605)
[OK] Job 567 enviado: misp_erdos_n3000_p0c0.1_27_s42 (JobID: Submitted batch job 3961606)
[OK] Job 568 enviado: misp_erdos_n3000_p0c0.1_28_s42 (JobID: Submitted batch job 3961607)
[OK] Job 569 enviado: misp_erdos_n3000_p0c0.1_29_s42 (JobID: Submitted batch job 3961608)
[OK] Job 570 enviado: misp_erdos_n3000_p0c0.1_30_s42 (JobID: Submitted batch job 3961609)
[OK] Job 571 enviado: misp_erdos_n3000_p0c0.2_1_s42 (JobID: Submitted batch job 3961610)
[OK] Job 572 enviado: misp_erdos_n3000_p0c0.2_2_s42 (JobID: Submitted batch job 3961611)
[OK] Job 573 enviado: misp_erdos_n3000_p0c0.2_3_s42 (JobID: Submitted batch job 3961612)
[OK] Job 574 enviado: misp_erdos_n3000_p0c0.2_4_s42 (JobID: Submitted batch job 3961613)
[OK] Job 575 enviado: misp_erdos_n3000_p0c0.2_5_s42 (JobID: Submitted batch job 3961614)
[OK] Job 576 enviado: misp_erdos_n3000_p0c0.2_6_s42 (JobID: Submitted batch job 3961615)
[OK] Job 577 enviado: misp_erdos_n3000_p0c0.2_7_s42 (JobID: Submitted batch job 3961616)
[OK] Job 578 enviado: misp_erdos_n3000_p0c0.2_8_s42 (JobID: Submitted batch job 3961617)
[OK] Job 579 enviado: misp_erdos_n3000_p0c0.2_9_s42 (JobID: Submitted batch job 3961618)
[OK] Job 580 enviado: misp_erdos_n3000_p0c0.2_10_s42 (JobID: Submitted batch job 3961619)
[OK] Job 581 enviado: misp_erdos_n3000_p0c0.2_11_s42 (JobID: Submitted batch job 3961620)
[OK] Job 582 enviado: misp_erdos_n3000_p0c0.2_12_s42 (JobID: Submitted batch job 3961621)
[OK] Job 583 enviado: misp_erdos_n3000_p0c0.2_13_s42 (JobID: Submitted batch job 3961622)
[OK] Job 584 enviado: misp_erdos_n3000_p0c0.2_14_s42 (JobID: Submitted batch job 3961623)
[OK] Job 585 enviado: misp_erdos_n3000_p0c0.2_15_s42 (JobID: Submitted batch job 3961624)
[OK] Job 586 enviado: misp_erdos_n3000_p0c0.2_16_s42 (JobID: Submitted batch job 3961625)
[OK] Job 587 enviado: misp_erdos_n3000_p0c0.2_17_s42 (JobID: Submitted batch job 3961626)
[OK] Job 588 enviado: misp_erdos_n3000_p0c0.2_18_s42 (JobID: Submitted batch job 3961627)
[OK] Job 589 enviado: misp_erdos_n3000_p0c0.2_19_s42 (JobID: Submitted batch job 3961628)
[OK] Job 590 enviado: misp_erdos_n3000_p0c0.2_20_s42 (JobID: Submitted batch job 3961629)
[OK] Job 591 enviado: misp_erdos_n3000_p0c0.2_21_s42 (JobID: Submitted batch job 3961630)
[OK] Job 592 enviado: misp_erdos_n3000_p0c0.2_22_s42 (JobID: Submitted batch job 3961631)
[OK] Job 593 enviado: misp_erdos_n3000_p0c0.2_23_s42 (JobID: Submitted batch job 3961632)
[OK] Job 594 enviado: misp_erdos_n3000_p0c0.2_24_s42 (JobID: Submitted batch job 3961633)
[OK] Job 595 enviado: misp_erdos_n3000_p0c0.2_25_s42 (JobID: Submitted batch job 3961634)
[OK] Job 596 enviado: misp_erdos_n3000_p0c0.2_26_s42 (JobID: Submitted batch job 3961635)
[OK] Job 597 enviado: misp_erdos_n3000_p0c0.2_27_s42 (JobID: Submitted batch job 3961636)
[OK] Job 598 enviado: misp_erdos_n3000_p0c0.2_28_s42 (JobID: Submitted batch job 3961637)
[OK] Job 599 enviado: misp_erdos_n3000_p0c0.2_29_s42 (JobID: Submitted batch job 3961638)
[OK] Job 600 enviado: misp_erdos_n3000_p0c0.2_30_s42 (JobID: Submitted batch job 3961639)
[OK] Job 601 enviado: misp_erdos_n3000_p0c0.3_1_s42 (JobID: Submitted batch job 3961640)
[OK] Job 602 enviado: misp_erdos_n3000_p0c0.3_2_s42 (JobID: Submitted batch job 3961641)
[OK] Job 603 enviado: misp_erdos_n3000_p0c0.3_3_s42 (JobID: Submitted batch job 3961642)
[OK] Job 604 enviado: misp_erdos_n3000_p0c0.3_4_s42 (JobID: Submitted batch job 3961643)
[OK] Job 605 enviado: misp_erdos_n3000_p0c0.3_5_s42 (JobID: Submitted batch job 3961644)
[OK] Job 606 enviado: misp_erdos_n3000_p0c0.3_6_s42 (JobID: Submitted batch job 3961645)
[OK] Job 607 enviado: misp_erdos_n3000_p0c0.3_7_s42 (JobID: Submitted batch job 3961646)
[OK] Job 608 enviado: misp_erdos_n3000_p0c0.3_8_s42 (JobID: Submitted batch job 3961647)
[OK] Job 609 enviado: misp_erdos_n3000_p0c0.3_9_s42 (JobID: Submitted batch job 3961648)
[OK] Job 610 enviado: misp_erdos_n3000_p0c0.3_10_s42 (JobID: Submitted batch job 3961649)
[OK] Job 611 enviado: misp_erdos_n3000_p0c0.3_11_s42 (JobID: Submitted batch job 3961650)
[OK] Job 612 enviado: misp_erdos_n3000_p0c0.3_12_s42 (JobID: Submitted batch job 3961651)
[OK] Job 613 enviado: misp_erdos_n3000_p0c0.3_13_s42 (JobID: Submitted batch job 3961652)
[OK] Job 614 enviado: misp_erdos_n3000_p0c0.3_14_s42 (JobID: Submitted batch job 3961653)
[OK] Job 615 enviado: misp_erdos_n3000_p0c0.3_15_s42 (JobID: Submitted batch job 3961654)
[OK] Job 616 enviado: misp_erdos_n3000_p0c0.3_16_s42 (JobID: Submitted batch job 3961655)
[OK] Job 617 enviado: misp_erdos_n3000_p0c0.3_17_s42 (JobID: Submitted batch job 3961656)
[OK] Job 618 enviado: misp_erdos_n3000_p0c0.3_18_s42 (JobID: Submitted batch job 3961657)
[OK] Job 619 enviado: misp_erdos_n3000_p0c0.3_19_s42 (JobID: Submitted batch job 3961658)
[OK] Job 620 enviado: misp_erdos_n3000_p0c0.3_20_s42 (JobID: Submitted batch job 3961659)
[OK] Job 621 enviado: misp_erdos_n3000_p0c0.3_21_s42 (JobID: Submitted batch job 3961660)
[OK] Job 622 enviado: misp_erdos_n3000_p0c0.3_22_s42 (JobID: Submitted batch job 3961661)
[OK] Job 623 enviado: misp_erdos_n3000_p0c0.3_23_s42 (JobID: Submitted batch job 3961662)
[OK] Job 624 enviado: misp_erdos_n3000_p0c0.3_24_s42 (JobID: Submitted batch job 3961663)
[OK] Job 625 enviado: misp_erdos_n3000_p0c0.3_25_s42 (JobID: Submitted batch job 3961664)
[OK] Job 626 enviado: misp_erdos_n3000_p0c0.3_26_s42 (JobID: Submitted batch job 3961665)
[OK] Job 627 enviado: misp_erdos_n3000_p0c0.3_27_s42 (JobID: Submitted batch job 3961666)
[OK] Job 628 enviado: misp_erdos_n3000_p0c0.3_28_s42 (JobID: Submitted batch job 3961667)
[OK] Job 629 enviado: misp_erdos_n3000_p0c0.3_29_s42 (JobID: Submitted batch job 3961668)
[OK] Job 630 enviado: misp_erdos_n3000_p0c0.3_30_s42 (JobID: Submitted batch job 3961669)
[OK] Job 631 enviado: misp_erdos_n3000_p0c0.4_1_s42 (JobID: Submitted batch job 3961670)
[OK] Job 632 enviado: misp_erdos_n3000_p0c0.4_2_s42 (JobID: Submitted batch job 3961671)
[OK] Job 633 enviado: misp_erdos_n3000_p0c0.4_3_s42 (JobID: Submitted batch job 3961672)
[OK] Job 634 enviado: misp_erdos_n3000_p0c0.4_4_s42 (JobID: Submitted batch job 3961673)
[OK] Job 635 enviado: misp_erdos_n3000_p0c0.4_5_s42 (JobID: Submitted batch job 3961674)
[OK] Job 636 enviado: misp_erdos_n3000_p0c0.4_6_s42 (JobID: Submitted batch job 3961675)
[OK] Job 637 enviado: misp_erdos_n3000_p0c0.4_7_s42 (JobID: Submitted batch job 3961676)
[OK] Job 638 enviado: misp_erdos_n3000_p0c0.4_8_s42 (JobID: Submitted batch job 3961677)
[OK] Job 639 enviado: misp_erdos_n3000_p0c0.4_9_s42 (JobID: Submitted batch job 3961678)
[OK] Job 640 enviado: misp_erdos_n3000_p0c0.4_10_s42 (JobID: Submitted batch job 3961679)
[OK] Job 641 enviado: misp_erdos_n3000_p0c0.4_11_s42 (JobID: Submitted batch job 3961680)
[OK] Job 642 enviado: misp_erdos_n3000_p0c0.4_12_s42 (JobID: Submitted batch job 3961681)
[OK] Job 643 enviado: misp_erdos_n3000_p0c0.4_13_s42 (JobID: Submitted batch job 3961682)
[OK] Job 644 enviado: misp_erdos_n3000_p0c0.4_14_s42 (JobID: Submitted batch job 3961683)
[OK] Job 645 enviado: misp_erdos_n3000_p0c0.4_15_s42 (JobID: Submitted batch job 3961684)
[OK] Job 646 enviado: misp_erdos_n3000_p0c0.4_16_s42 (JobID: Submitted batch job 3961685)
[OK] Job 647 enviado: misp_erdos_n3000_p0c0.4_17_s42 (JobID: Submitted batch job 3961686)
[OK] Job 648 enviado: misp_erdos_n3000_p0c0.4_18_s42 (JobID: Submitted batch job 3961687)
[OK] Job 649 enviado: misp_erdos_n3000_p0c0.4_19_s42 (JobID: Submitted batch job 3961688)
[OK] Job 650 enviado: misp_erdos_n3000_p0c0.4_20_s42 (JobID: Submitted batch job 3961689)
[OK] Job 651 enviado: misp_erdos_n3000_p0c0.4_21_s42 (JobID: Submitted batch job 3961690)
[OK] Job 652 enviado: misp_erdos_n3000_p0c0.4_22_s42 (JobID: Submitted batch job 3961691)
[OK] Job 653 enviado: misp_erdos_n3000_p0c0.4_23_s42 (JobID: Submitted batch job 3961692)
[OK] Job 654 enviado: misp_erdos_n3000_p0c0.4_24_s42 (JobID: Submitted batch job 3961693)
[OK] Job 655 enviado: misp_erdos_n3000_p0c0.4_25_s42 (JobID: Submitted batch job 3961694)
[OK] Job 656 enviado: misp_erdos_n3000_p0c0.4_26_s42 (JobID: Submitted batch job 3961695)
[OK] Job 657 enviado: misp_erdos_n3000_p0c0.4_27_s42 (JobID: Submitted batch job 3961696)
[OK] Job 658 enviado: misp_erdos_n3000_p0c0.4_28_s42 (JobID: Submitted batch job 3961697)
[OK] Job 659 enviado: misp_erdos_n3000_p0c0.4_29_s42 (JobID: Submitted batch job 3961698)
[OK] Job 660 enviado: misp_erdos_n3000_p0c0.4_30_s42 (JobID: Submitted batch job 3961699)
[OK] Job 661 enviado: misp_erdos_n3000_p0c0.5_1_s42 (JobID: Submitted batch job 3961700)
[OK] Job 662 enviado: misp_erdos_n3000_p0c0.5_2_s42 (JobID: Submitted batch job 3961701)
[OK] Job 663 enviado: misp_erdos_n3000_p0c0.5_3_s42 (JobID: Submitted batch job 3961702)
[OK] Job 664 enviado: misp_erdos_n3000_p0c0.5_4_s42 (JobID: Submitted batch job 3961703)
[OK] Job 665 enviado: misp_erdos_n3000_p0c0.5_5_s42 (JobID: Submitted batch job 3961704)
[OK] Job 666 enviado: misp_erdos_n3000_p0c0.5_6_s42 (JobID: Submitted batch job 3961705)
[OK] Job 667 enviado: misp_erdos_n3000_p0c0.5_7_s42 (JobID: Submitted batch job 3961706)
[OK] Job 668 enviado: misp_erdos_n3000_p0c0.5_8_s42 (JobID: Submitted batch job 3961707)
[OK] Job 669 enviado: misp_erdos_n3000_p0c0.5_9_s42 (JobID: Submitted batch job 3961708)
[OK] Job 670 enviado: misp_erdos_n3000_p0c0.5_10_s42 (JobID: Submitted batch job 3961709)
[OK] Job 671 enviado: misp_erdos_n3000_p0c0.5_11_s42 (JobID: Submitted batch job 3961710)
[OK] Job 672 enviado: misp_erdos_n3000_p0c0.5_12_s42 (JobID: Submitted batch job 3961711)
[OK] Job 673 enviado: misp_erdos_n3000_p0c0.5_13_s42 (JobID: Submitted batch job 3961712)
[OK] Job 674 enviado: misp_erdos_n3000_p0c0.5_14_s42 (JobID: Submitted batch job 3961713)
[OK] Job 675 enviado: misp_erdos_n3000_p0c0.5_15_s42 (JobID: Submitted batch job 3961714)
[OK] Job 676 enviado: misp_erdos_n3000_p0c0.5_16_s42 (JobID: Submitted batch job 3961715)
[OK] Job 677 enviado: misp_erdos_n3000_p0c0.5_17_s42 (JobID: Submitted batch job 3961716)
[OK] Job 678 enviado: misp_erdos_n3000_p0c0.5_18_s42 (JobID: Submitted batch job 3961717)
[OK] Job 679 enviado: misp_erdos_n3000_p0c0.5_19_s42 (JobID: Submitted batch job 3961718)
[OK] Job 680 enviado: misp_erdos_n3000_p0c0.5_20_s42 (JobID: Submitted batch job 3961719)
[OK] Job 681 enviado: misp_erdos_n3000_p0c0.5_21_s42 (JobID: Submitted batch job 3961720)
[OK] Job 682 enviado: misp_erdos_n3000_p0c0.5_22_s42 (JobID: Submitted batch job 3961721)
[OK] Job 683 enviado: misp_erdos_n3000_p0c0.5_23_s42 (JobID: Submitted batch job 3961722)
[OK] Job 684 enviado: misp_erdos_n3000_p0c0.5_24_s42 (JobID: Submitted batch job 3961723)
[OK] Job 685 enviado: misp_erdos_n3000_p0c0.5_25_s42 (JobID: Submitted batch job 3961724)
[OK] Job 686 enviado: misp_erdos_n3000_p0c0.5_26_s42 (JobID: Submitted batch job 3961725)
[OK] Job 687 enviado: misp_erdos_n3000_p0c0.5_27_s42 (JobID: Submitted batch job 3961726)
[OK] Job 688 enviado: misp_erdos_n3000_p0c0.5_28_s42 (JobID: Submitted batch job 3961727)
[OK] Job 689 enviado: misp_erdos_n3000_p0c0.5_29_s42 (JobID: Submitted batch job 3961728)
[OK] Job 690 enviado: misp_erdos_n3000_p0c0.5_30_s42 (JobID: Submitted batch job 3961729)
[OK] Job 691 enviado: misp_erdos_n3000_p0c0.6_1_s42 (JobID: Submitted batch job 3961730)
[OK] Job 692 enviado: misp_erdos_n3000_p0c0.6_2_s42 (JobID: Submitted batch job 3961731)
[OK] Job 693 enviado: misp_erdos_n3000_p0c0.6_3_s42 (JobID: Submitted batch job 3961732)
[OK] Job 694 enviado: misp_erdos_n3000_p0c0.6_4_s42 (JobID: Submitted batch job 3961733)
[OK] Job 695 enviado: misp_erdos_n3000_p0c0.6_5_s42 (JobID: Submitted batch job 3961734)
[OK] Job 696 enviado: misp_erdos_n3000_p0c0.6_6_s42 (JobID: Submitted batch job 3961735)
[OK] Job 697 enviado: misp_erdos_n3000_p0c0.6_7_s42 (JobID: Submitted batch job 3961736)
[OK] Job 698 enviado: misp_erdos_n3000_p0c0.6_8_s42 (JobID: Submitted batch job 3961737)
[OK] Job 699 enviado: misp_erdos_n3000_p0c0.6_9_s42 (JobID: Submitted batch job 3961738)
[OK] Job 700 enviado: misp_erdos_n3000_p0c0.6_10_s42 (JobID: Submitted batch job 3961739)
[OK] Job 701 enviado: misp_erdos_n3000_p0c0.6_11_s42 (JobID: Submitted batch job 3961740)
[OK] Job 702 enviado: misp_erdos_n3000_p0c0.6_12_s42 (JobID: Submitted batch job 3961741)
[OK] Job 703 enviado: misp_erdos_n3000_p0c0.6_13_s42 (JobID: Submitted batch job 3961742)
[OK] Job 704 enviado: misp_erdos_n3000_p0c0.6_14_s42 (JobID: Submitted batch job 3961743)
[OK] Job 705 enviado: misp_erdos_n3000_p0c0.6_15_s42 (JobID: Submitted batch job 3961744)
[OK] Job 706 enviado: misp_erdos_n3000_p0c0.6_16_s42 (JobID: Submitted batch job 3961745)
[OK] Job 707 enviado: misp_erdos_n3000_p0c0.6_17_s42 (JobID: Submitted batch job 3961746)
[OK] Job 708 enviado: misp_erdos_n3000_p0c0.6_18_s42 (JobID: Submitted batch job 3961747)
[OK] Job 709 enviado: misp_erdos_n3000_p0c0.6_19_s42 (JobID: Submitted batch job 3961748)
[OK] Job 710 enviado: misp_erdos_n3000_p0c0.6_20_s42 (JobID: Submitted batch job 3961749)
[OK] Job 711 enviado: misp_erdos_n3000_p0c0.6_21_s42 (JobID: Submitted batch job 3961750)
[OK] Job 712 enviado: misp_erdos_n3000_p0c0.6_22_s42 (JobID: Submitted batch job 3961751)
[OK] Job 713 enviado: misp_erdos_n3000_p0c0.6_23_s42 (JobID: Submitted batch job 3961752)
[OK] Job 714 enviado: misp_erdos_n3000_p0c0.6_24_s42 (JobID: Submitted batch job 3961753)
[OK] Job 715 enviado: misp_erdos_n3000_p0c0.6_25_s42 (JobID: Submitted batch job 3961754)
[OK] Job 716 enviado: misp_erdos_n3000_p0c0.6_26_s42 (JobID: Submitted batch job 3961755)
[OK] Job 717 enviado: misp_erdos_n3000_p0c0.6_27_s42 (JobID: Submitted batch job 3961756)
[OK] Job 718 enviado: misp_erdos_n3000_p0c0.6_28_s42 (JobID: Submitted batch job 3961757)
[OK] Job 719 enviado: misp_erdos_n3000_p0c0.6_29_s42 (JobID: Submitted batch job 3961758)
[OK] Job 720 enviado: misp_erdos_n3000_p0c0.6_30_s42 (JobID: Submitted batch job 3961759)
[OK] Job 721 enviado: misp_erdos_n3000_p0c0.7_1_s42 (JobID: Submitted batch job 3961760)
[OK] Job 722 enviado: misp_erdos_n3000_p0c0.7_2_s42 (JobID: Submitted batch job 3961761)
[OK] Job 723 enviado: misp_erdos_n3000_p0c0.7_3_s42 (JobID: Submitted batch job 3961762)
[OK] Job 724 enviado: misp_erdos_n3000_p0c0.7_4_s42 (JobID: Submitted batch job 3961763)
[OK] Job 725 enviado: misp_erdos_n3000_p0c0.7_5_s42 (JobID: Submitted batch job 3961764)
[OK] Job 726 enviado: misp_erdos_n3000_p0c0.7_6_s42 (JobID: Submitted batch job 3961765)
[OK] Job 727 enviado: misp_erdos_n3000_p0c0.7_7_s42 (JobID: Submitted batch job 3961766)
[OK] Job 728 enviado: misp_erdos_n3000_p0c0.7_8_s42 (JobID: Submitted batch job 3961767)
[OK] Job 729 enviado: misp_erdos_n3000_p0c0.7_9_s42 (JobID: Submitted batch job 3961768)
[OK] Job 730 enviado: misp_erdos_n3000_p0c0.7_10_s42 (JobID: Submitted batch job 3961769)
[OK] Job 731 enviado: misp_erdos_n3000_p0c0.7_11_s42 (JobID: Submitted batch job 3961770)
[OK] Job 732 enviado: misp_erdos_n3000_p0c0.7_12_s42 (JobID: Submitted batch job 3961771)
[OK] Job 733 enviado: misp_erdos_n3000_p0c0.7_13_s42 (JobID: Submitted batch job 3961772)
[OK] Job 734 enviado: misp_erdos_n3000_p0c0.7_14_s42 (JobID: Submitted batch job 3961773)
[OK] Job 735 enviado: misp_erdos_n3000_p0c0.7_15_s42 (JobID: Submitted batch job 3961774)
[OK] Job 736 enviado: misp_erdos_n3000_p0c0.7_16_s42 (JobID: Submitted batch job 3961775)
[OK] Job 737 enviado: misp_erdos_n3000_p0c0.7_17_s42 (JobID: Submitted batch job 3961776)
[OK] Job 738 enviado: misp_erdos_n3000_p0c0.7_18_s42 (JobID: Submitted batch job 3961777)
[OK] Job 739 enviado: misp_erdos_n3000_p0c0.7_19_s42 (JobID: Submitted batch job 3961778)
[OK] Job 740 enviado: misp_erdos_n3000_p0c0.7_20_s42 (JobID: Submitted batch job 3961779)
[OK] Job 741 enviado: misp_erdos_n3000_p0c0.7_21_s42 (JobID: Submitted batch job 3961780)
[OK] Job 742 enviado: misp_erdos_n3000_p0c0.7_22_s42 (JobID: Submitted batch job 3961781)
[OK] Job 743 enviado: misp_erdos_n3000_p0c0.7_23_s42 (JobID: Submitted batch job 3961782)
[OK] Job 744 enviado: misp_erdos_n3000_p0c0.7_24_s42 (JobID: Submitted batch job 3961783)
[OK] Job 745 enviado: misp_erdos_n3000_p0c0.7_25_s42 (JobID: Submitted batch job 3961784)
[OK] Job 746 enviado: misp_erdos_n3000_p0c0.7_26_s42 (JobID: Submitted batch job 3961785)
[OK] Job 747 enviado: misp_erdos_n3000_p0c0.7_27_s42 (JobID: Submitted batch job 3961786)
[OK] Job 748 enviado: misp_erdos_n3000_p0c0.7_28_s42 (JobID: Submitted batch job 3961787)
[OK] Job 749 enviado: misp_erdos_n3000_p0c0.7_29_s42 (JobID: Submitted batch job 3961788)
[OK] Job 750 enviado: misp_erdos_n3000_p0c0.7_30_s42 (JobID: Submitted batch job 3961789)
[OK] Job 751 enviado: misp_erdos_n3000_p0c0.8_1_s42 (JobID: Submitted batch job 3961790)
[OK] Job 752 enviado: misp_erdos_n3000_p0c0.8_2_s42 (JobID: Submitted batch job 3961791)
[OK] Job 753 enviado: misp_erdos_n3000_p0c0.8_3_s42 (JobID: Submitted batch job 3961792)
[OK] Job 754 enviado: misp_erdos_n3000_p0c0.8_4_s42 (JobID: Submitted batch job 3961793)
[OK] Job 755 enviado: misp_erdos_n3000_p0c0.8_5_s42 (JobID: Submitted batch job 3961794)
[OK] Job 756 enviado: misp_erdos_n3000_p0c0.8_6_s42 (JobID: Submitted batch job 3961795)
[OK] Job 757 enviado: misp_erdos_n3000_p0c0.8_7_s42 (JobID: Submitted batch job 3961796)
[OK] Job 758 enviado: misp_erdos_n3000_p0c0.8_8_s42 (JobID: Submitted batch job 3961797)
[OK] Job 759 enviado: misp_erdos_n3000_p0c0.8_9_s42 (JobID: Submitted batch job 3961798)
[OK] Job 760 enviado: misp_erdos_n3000_p0c0.8_10_s42 (JobID: Submitted batch job 3961799)
[OK] Job 761 enviado: misp_erdos_n3000_p0c0.8_11_s42 (JobID: Submitted batch job 3961800)
[OK] Job 762 enviado: misp_erdos_n3000_p0c0.8_12_s42 (JobID: Submitted batch job 3961801)
[OK] Job 763 enviado: misp_erdos_n3000_p0c0.8_13_s42 (JobID: Submitted batch job 3961802)
[OK] Job 764 enviado: misp_erdos_n3000_p0c0.8_14_s42 (JobID: Submitted batch job 3961803)
[OK] Job 765 enviado: misp_erdos_n3000_p0c0.8_15_s42 (JobID: Submitted batch job 3961804)
[OK] Job 766 enviado: misp_erdos_n3000_p0c0.8_16_s42 (JobID: Submitted batch job 3961805)
[OK] Job 767 enviado: misp_erdos_n3000_p0c0.8_17_s42 (JobID: Submitted batch job 3961806)
[OK] Job 768 enviado: misp_erdos_n3000_p0c0.8_18_s42 (JobID: Submitted batch job 3961807)
[OK] Job 769 enviado: misp_erdos_n3000_p0c0.8_19_s42 (JobID: Submitted batch job 3961808)
[OK] Job 770 enviado: misp_erdos_n3000_p0c0.8_20_s42 (JobID: Submitted batch job 3961809)
[OK] Job 771 enviado: misp_erdos_n3000_p0c0.8_21_s42 (JobID: Submitted batch job 3961810)
[OK] Job 772 enviado: misp_erdos_n3000_p0c0.8_22_s42 (JobID: Submitted batch job 3961811)
[OK] Job 773 enviado: misp_erdos_n3000_p0c0.8_23_s42 (JobID: Submitted batch job 3961812)
[OK] Job 774 enviado: misp_erdos_n3000_p0c0.8_24_s42 (JobID: Submitted batch job 3961813)
[OK] Job 775 enviado: misp_erdos_n3000_p0c0.8_25_s42 (JobID: Submitted batch job 3961814)
[OK] Job 776 enviado: misp_erdos_n3000_p0c0.8_26_s42 (JobID: Submitted batch job 3961815)
[OK] Job 777 enviado: misp_erdos_n3000_p0c0.8_27_s42 (JobID: Submitted batch job 3961816)
[OK] Job 778 enviado: misp_erdos_n3000_p0c0.8_28_s42 (JobID: Submitted batch job 3961817)
[OK] Job 779 enviado: misp_erdos_n3000_p0c0.8_29_s42 (JobID: Submitted batch job 3961818)
[OK] Job 780 enviado: misp_erdos_n3000_p0c0.8_30_s42 (JobID: Submitted batch job 3961819)
[OK] Job 781 enviado: misp_erdos_n3000_p0c0.9_1_s42 (JobID: Submitted batch job 3961820)
[OK] Job 782 enviado: misp_erdos_n3000_p0c0.9_2_s42 (JobID: Submitted batch job 3961821)
[OK] Job 783 enviado: misp_erdos_n3000_p0c0.9_3_s42 (JobID: Submitted batch job 3961822)
[OK] Job 784 enviado: misp_erdos_n3000_p0c0.9_4_s42 (JobID: Submitted batch job 3961823)
[OK] Job 785 enviado: misp_erdos_n3000_p0c0.9_5_s42 (JobID: Submitted batch job 3961824)
[OK] Job 786 enviado: misp_erdos_n3000_p0c0.9_6_s42 (JobID: Submitted batch job 3961825)
[OK] Job 787 enviado: misp_erdos_n3000_p0c0.9_7_s42 (JobID: Submitted batch job 3961826)
[OK] Job 788 enviado: misp_erdos_n3000_p0c0.9_8_s42 (JobID: Submitted batch job 3961827)
[OK] Job 789 enviado: misp_erdos_n3000_p0c0.9_9_s42 (JobID: Submitted batch job 3961828)
[OK] Job 790 enviado: misp_erdos_n3000_p0c0.9_10_s42 (JobID: Submitted batch job 3961829)
[OK] Job 791 enviado: misp_erdos_n3000_p0c0.9_11_s42 (JobID: Submitted batch job 3961830)
[OK] Job 792 enviado: misp_erdos_n3000_p0c0.9_12_s42 (JobID: Submitted batch job 3961831)
[OK] Job 793 enviado: misp_erdos_n3000_p0c0.9_13_s42 (JobID: Submitted batch job 3961832)
[OK] Job 794 enviado: misp_erdos_n3000_p0c0.9_14_s42 (JobID: Submitted batch job 3961833)
[OK] Job 795 enviado: misp_erdos_n3000_p0c0.9_15_s42 (JobID: Submitted batch job 3961834)
[OK] Job 796 enviado: misp_erdos_n3000_p0c0.9_16_s42 (JobID: Submitted batch job 3961835)
[OK] Job 797 enviado: misp_erdos_n3000_p0c0.9_17_s42 (JobID: Submitted batch job 3961836)
[OK] Job 798 enviado: misp_erdos_n3000_p0c0.9_18_s42 (JobID: Submitted batch job 3961837)
[OK] Job 799 enviado: misp_erdos_n3000_p0c0.9_19_s42 (JobID: Submitted batch job 3961838)
[OK] Job 800 enviado: misp_erdos_n3000_p0c0.9_20_s42 (JobID: Submitted batch job 3961839)
[OK] Job 801 enviado: misp_erdos_n3000_p0c0.9_21_s42 (JobID: Submitted batch job 3961840)
[OK] Job 802 enviado: misp_erdos_n3000_p0c0.9_22_s42 (JobID: Submitted batch job 3961841)
[OK] Job 803 enviado: misp_erdos_n3000_p0c0.9_23_s42 (JobID: Submitted batch job 3961842)
[OK] Job 804 enviado: misp_erdos_n3000_p0c0.9_24_s42 (JobID: Submitted batch job 3961843)
[OK] Job 805 enviado: misp_erdos_n3000_p0c0.9_25_s42 (JobID: Submitted batch job 3961844)
[OK] Job 806 enviado: misp_erdos_n3000_p0c0.9_26_s42 (JobID: Submitted batch job 3961845)
[OK] Job 807 enviado: misp_erdos_n3000_p0c0.9_27_s42 (JobID: Submitted batch job 3961846)
[OK] Job 808 enviado: misp_erdos_n3000_p0c0.9_28_s42 (JobID: Submitted batch job 3961847)
[OK] Job 809 enviado: misp_erdos_n3000_p0c0.9_29_s42 (JobID: Submitted batch job 3961848)
[OK] Job 810 enviado: misp_erdos_n3000_p0c0.9_30_s42 (JobID: Submitted batch job 3961849)

=========================================
Resumen del envío de jobs:
  - Total jobs enviados: 810
  - Fallos: 0
  - Fecha finalización: jue dic 18 01:57:54 -03 2025
=========================================

Para verificar el estado de los jobs, usa: squeue -u $USER
Para ver los resultados: ls -lh /home/shared/sisadapt2/misp_project/MISP-project/metaheuristica_hibrida/slurm_experiments/resultados
