#------------------------------------------------------------------------------
# irace: An implementation in R of (Elitist) Iterated Racing
# Version: 3.5.6863679
# Copyright (C) 2010-2020
# Manuel Lopez-Ibanez     <manuel.lopez-ibanez@manchester.ac.uk>
# Jeremie Dubois-Lacoste  
# Leslie Perez Caceres    <leslie.perez.caceres@ulb.ac.be>
#
# This is free software, and you are welcome to redistribute it under certain
# conditions.  See the GNU General Public License for details. There is NO
# WARRANTY; not even for MERCHANTABILITY or FITNESS FOR A PARTICULAR PURPOSE.
#
# irace builds upon previous code from the race package:
#     race: Racing methods for the selection of the best
#     Copyright (C) 2003 Mauro Birattari
#------------------------------------------------------------------------------
# installed at: /home/shared/sisadapt2/R/x86_64-pc-linux-gnu-library/3.6/irace
# called with: 
== irace == WARNING: A default scenario file '/home/shared/sisadapt2/tuning/scenario.txt' has been found and will be read.
# 2025-11-05 18:55:58 -03: Initialization
# Elitist race
# Elitist new instances: 1
# Elitist limit: 2
# nbIterations: 4
# minNbSurvival: 4
# nbParameters: 4
# seed: 527303517
# confidence level: 0.95
# budget: 1000
# mu: 5
# deterministic: FALSE

# 2025-11-05 18:55:58 -03: Iteration 1 of 4
# experimentsUsedSoFar: 0
# remainingBudget: 1000
# currentBudget: 250
# nbConfigurations: 41
# Markers:
     x No test is performed.
     c Configurations are discarded only due to capping.
     - The test is performed and some configurations are discarded.
     = The test is performed but no configuration is discarded.
     ! The test is performed and configurations could be discarded but elite configurations are preserved.
     . All alive configurations are elite and nothing is discarded

+-+-----------+-----------+-----------+----------------+-----------+--------+-----+----+------+
| |   Instance|      Alive|       Best|       Mean best| Exp so far|  W time|  rho|KenW|  Qvar|
+-+-----------+-----------+-----------+----------------+-----------+--------+-----+----+------+
|x|          1|         41|          1|    -7.000000000|         41|00:07:07|   NA|  NA|    NA|
|x|          2|         41|         10|    -17.00000000|         82|00:06:53|+0.00|0.50|0.4878|
|x|          3|         41|         34|    -16.00000000|        123|00:07:02|-0.06|0.29|0.6816|
|x|          4|         41|         34|    -15.25000000|        164|00:06:52|-0.00|0.25|0.7066|
|=|          5|         41|         34|    -17.00000000|        205|00:06:53|+0.03|0.22|0.7510|
|=|          6|         41|         34|    -18.50000000|        246|00:06:58|+0.00|0.17|0.7961|
+-+-----------+-----------+-----------+----------------+-----------+--------+-----+----+------+
Best-so-far configuration:          34    mean value:     -18.50000000
Description of the best-so-far configuration:
   .ID.   p   pe  pm rhoe .PARENT.
34   34 238 0.14 0.2 0.68       NA

# 2025-11-05 19:37:46 -03: Elite configurations (first number is the configuration ID; listed from best to worst according to the sum of ranks):
     p   pe   pm rhoe
34 238 0.14 0.20 0.68
1  200 0.12 0.24 0.66
41 213 0.19 0.22 0.75
37 147 0.22 0.22 0.76
# 2025-11-05 19:37:46 -03: Iteration 2 of 4
# experimentsUsedSoFar: 246
# remainingBudget: 754
# currentBudget: 251
# nbConfigurations: 39
# Markers:
     x No test is performed.
     c Configurations are discarded only due to capping.
     - The test is performed and some configurations are discarded.
     = The test is performed but no configuration is discarded.
     ! The test is performed and configurations could be discarded but elite configurations are preserved.
     . All alive configurations are elite and nothing is discarded

+-+-----------+-----------+-----------+----------------+-----------+--------+-----+----+------+
| |   Instance|      Alive|       Best|       Mean best| Exp so far|  W time|  rho|KenW|  Qvar|
+-+-----------+-----------+-----------+----------------+-----------+--------+-----+----+------+
|x|          7|         39|         34|    -7.000000000|         39|00:06:41|   NA|  NA|    NA|
|x|          4|         39|         34|    -10.00000000|         74|00:05:52|+0.00|0.50|0.4872|
|x|          1|         39|         34|    -9.000000000|        109|00:06:04|+0.00|0.33|0.3248|
|x|          2|         39|         34|    -13.50000000|        144|00:05:53|-0.01|0.24|0.4895|
|=|          5|         39|         34|    -15.60000000|        179|00:05:51|+0.03|0.22|0.5625|
|=|          3|         39|         34|    -15.33333333|        214|00:06:00|+0.04|0.20|0.6183|
|-|          6|         22|         34|    -16.85714286|        249|00:05:55|-0.07|0.08|0.7221|
+-+-----------+-----------+-----------+----------------+-----------+--------+-----+----+------+
Best-so-far configuration:           1    mean value:     -16.85714286
Description of the best-so-far configuration:
  .ID.   p   pe   pm rhoe .PARENT.
1    1 200 0.12 0.24 0.66       NA

# 2025-11-05 20:20:04 -03: Elite configurations (first number is the configuration ID; listed from best to worst according to the sum of ranks):
     p   pe   pm rhoe
1  200 0.12 0.24 0.66
34 238 0.14 0.20 0.68
60 273 0.12 0.20 0.68
41 213 0.19 0.22 0.75
# 2025-11-05 20:20:04 -03: Iteration 3 of 4
# experimentsUsedSoFar: 495
# remainingBudget: 505
# currentBudget: 252
# nbConfigurations: 35
# Markers:
     x No test is performed.
     c Configurations are discarded only due to capping.
     - The test is performed and some configurations are discarded.
     = The test is performed but no configuration is discarded.
     ! The test is performed and configurations could be discarded but elite configurations are preserved.
     . All alive configurations are elite and nothing is discarded

+-+-----------+-----------+-----------+----------------+-----------+--------+-----+----+------+
| |   Instance|      Alive|       Best|       Mean best| Exp so far|  W time|  rho|KenW|  Qvar|
+-+-----------+-----------+-----------+----------------+-----------+--------+-----+----+------+
|x|          8|         35|          1|    -7.000000000|         35|00:05:52|   NA|  NA|    NA|
|x|          2|         35|        101|    -17.50000000|         66|00:05:12|+0.00|0.50|0.4857|
|x|          1|         35|        101|    -14.00000000|         97|00:05:22|+0.00|0.33|0.3238|
|x|          7|         35|        101|    -12.25000000|        128|00:05:15|+0.00|0.25|0.2429|
|=|          6|         35|        101|    -15.20000000|        159|00:05:14|-0.01|0.19|0.3906|
|=|          5|         35|         60|    -16.50000000|        190|00:05:11|+0.01|0.18|0.4779|
|=|          3|         35|        105|    -16.14285714|        221|00:05:18|+0.03|0.17|0.5338|
|=|          4|         35|         83|    -15.62500000|        252|00:05:11|+0.06|0.18|0.5603|
+-+-----------+-----------+-----------+----------------+-----------+--------+-----+----+------+
Best-so-far configuration:          83    mean value:     -15.62500000
Description of the best-so-far configuration:
   .ID.   p   pe   pm rhoe .PARENT.
83   83 264 0.14 0.25 0.65        1

# 2025-11-05 21:02:44 -03: Elite configurations (first number is the configuration ID; listed from best to worst according to the sum of ranks):
     p   pe   pm rhoe
83 264 0.14 0.25 0.65
60 273 0.12 0.20 0.68
1  200 0.12 0.24 0.66
34 238 0.14 0.20 0.68
# 2025-11-05 21:02:44 -03: Iteration 4 of 4
# experimentsUsedSoFar: 747
# remainingBudget: 253
# currentBudget: 253
# nbConfigurations: 31
# Markers:
     x No test is performed.
     c Configurations are discarded only due to capping.
     - The test is performed and some configurations are discarded.
     = The test is performed but no configuration is discarded.
     ! The test is performed and configurations could be discarded but elite configurations are preserved.
     . All alive configurations are elite and nothing is discarded

+-+-----------+-----------+-----------+----------------+-----------+--------+-----+----+------+
| |   Instance|      Alive|       Best|       Mean best| Exp so far|  W time|  rho|KenW|  Qvar|
+-+-----------+-----------+-----------+----------------+-----------+--------+-----+----+------+
|x|          9|         31|        114|    -14.00000000|         31|00:05:14|   NA|  NA|    NA|
|x|          2|         31|         34|    -20.00000000|         58|00:04:32|-0.25|0.38|1.2157|
|x|          8|         31|         34|    -15.66666667|         85|00:04:31|-0.12|0.25|0.7278|
|x|          1|         31|         34|    -13.50000000|        112|00:04:41|-0.08|0.19|0.5252|
|=|          3|         31|         34|    -13.60000000|        139|00:04:37|-0.06|0.15|0.6142|
|=|          4|         31|         34|    -13.50000000|        166|00:04:31|-0.01|0.16|0.6545|
|=|          6|         31|         34|    -15.28571429|        193|00:04:34|-0.02|0.12|0.7062|
|=|          5|         31|         83|    -16.37500000|        220|00:04:30|-0.02|0.11|0.7320|
|=|          7|         31|         83|    -15.33333333|        247|00:04:35|-0.01|0.10|0.6499|
+-+-----------+-----------+-----------+----------------+-----------+--------+-----+----+------+
Best-so-far configuration:          83    mean value:     -15.33333333
Description of the best-so-far configuration:
   .ID.   p   pe   pm rhoe .PARENT.
83   83 264 0.14 0.25 0.65        1

# 2025-11-05 21:44:34 -03: Elite configurations (first number is the configuration ID; listed from best to worst according to the sum of ranks):
     p   pe   pm rhoe
83 264 0.14 0.25 0.65
60 273 0.12 0.20 0.68
34 238 0.14 0.20 0.68
1  200 0.12 0.24 0.66
# 2025-11-05 21:44:34 -03: Stopped because there is not enough budget left to race more than the minimum (4)
# You may either increase the budget or set 'minNbSurvival' to a lower value
# Iteration: 5
# nbIterations: 5
# experimentsUsedSoFar: 994
# timeUsed: 0
# remainingBudget: 6
# currentBudget: 6
# number of elites: 4
# nbConfigurations: 4
# Total CPU user time: 10091.36, CPU sys time: 16.501, Wall-clock time: 10116.06
# Best configurations (first number is the configuration ID; listed from best to worst according to the sum of ranks):
     p   pe   pm rhoe
83 264 0.14 0.25 0.65
60 273 0.12 0.20 0.68
34 238 0.14 0.20 0.68
1  200 0.12 0.24 0.66
# Best configurations as commandlines (first number is the configuration ID; same order as above):
83  -p 264 -pe 0.14 -pm 0.25 -rhoe 0.65
60  -p 273 -pe 0.12 -pm 0.2 -rhoe 0.68
34  -p 238 -pe 0.14 -pm 0.2 -rhoe 0.68
1   -p 200 -pe 0.12 -pm 0.24 -rhoe 0.66


# Testing of elite configurations: 1 
# Testing iteration configurations: FALSE 
# 2025-11-05 21:44:34 -03: No test instances, skip testing
