#------------------------------------------------------------------------------
# irace: An implementation in R of (Elitist) Iterated Racing
# Version: 3.5.6863679
# Copyright (C) 2010-2020
# Manuel Lopez-Ibanez     <manuel.lopez-ibanez@manchester.ac.uk>
# Jeremie Dubois-Lacoste  
# Leslie Perez Caceres    <leslie.perez.caceres@ulb.ac.be>
#
# This is free software, and you are welcome to redistribute it under certain
# conditions.  See the GNU General Public License for details. There is NO
# WARRANTY; not even for MERCHANTABILITY or FITNESS FOR A PARTICULAR PURPOSE.
#
# irace builds upon previous code from the race package:
#     race: Racing methods for the selection of the best
#     Copyright (C) 2003 Mauro Birattari
#------------------------------------------------------------------------------
# installed at: /home/shared/sisadapt2/R/x86_64-pc-linux-gnu-library/3.6/irace
# called with: 
== irace == WARNING: A default scenario file '/home/shared/sisadapt2/tuning/scenario.txt' has been found and will be read.
batchmode 
sge,pbs,torque,slurm,htcondor 
# 2025-12-17 18:18:54 -03: Initialization
# Elitist race
# Elitist new instances: 1
# Elitist limit: 2
# nbIterations: 4
# minNbSurvival: 4
# nbParameters: 4
# seed: 418326671
# confidence level: 0.95
# budget: 1000
# mu: 5
# deterministic: FALSE

# 2025-12-17 18:18:54 -03: Iteration 1 of 4
# experimentsUsedSoFar: 0
# remainingBudget: 1000
# currentBudget: 250
# nbConfigurations: 41
# Markers:
     x No test is performed.
     c Configurations are discarded only due to capping.
     - The test is performed and some configurations are discarded.
     = The test is performed but no configuration is discarded.
     ! The test is performed and configurations could be discarded but elite configurations are preserved.
     . All alive configurations are elite and nothing is discarded

+-+-----------+-----------+-----------+----------------+-----------+--------+-----+----+------+
| |   Instance|      Alive|       Best|       Mean best| Exp so far|  W time|  rho|KenW|  Qvar|
+-+-----------+-----------+-----------+----------------+-----------+--------+-----+----+------+
|x|          1|         41|         18|    -25.00000000|         41|00:00:14|   NA|  NA|    NA|
|x|          2|         41|         40|    -18.50000000|         82|00:00:15|+0.09|0.55|0.8522|
|x|          3|         41|         40|    -17.00000000|        123|00:00:16|+0.04|0.36|0.8576|
|x|          4|         41|         40|    -14.50000000|        164|00:00:14|+0.01|0.26|0.9334|
|=|          5|         41|         40|    -14.00000000|        205|00:00:15|-0.02|0.18|0.9695|
|=|          6|         41|         16|    -15.83333333|        246|00:00:15|-0.07|0.11|1.0321|
+-+-----------+-----------+-----------+----------------+-----------+--------+-----+----+------+
Best-so-far configuration:          16    mean value:     -15.83333333
Description of the best-so-far configuration:
   .ID.   p   pe   pm rhoe .PARENT.
16   16 347 0.17 0.24 0.78       NA

# 2025-12-17 18:20:26 -03: Elite configurations (first number is the configuration ID; listed from best to worst according to the sum of ranks):
     p   pe   pm rhoe
16 347 0.17 0.24 0.78
35 312 0.22 0.15 0.79
39 413 0.11 0.19 0.62
40 395 0.19 0.12 0.65
# 2025-12-17 18:20:26 -03: Iteration 2 of 4
# experimentsUsedSoFar: 246
# remainingBudget: 754
# currentBudget: 251
# nbConfigurations: 39
# Markers:
     x No test is performed.
     c Configurations are discarded only due to capping.
     - The test is performed and some configurations are discarded.
     = The test is performed but no configuration is discarded.
     ! The test is performed and configurations could be discarded but elite configurations are preserved.
     . All alive configurations are elite and nothing is discarded

+-+-----------+-----------+-----------+----------------+-----------+--------+-----+----+------+
| |   Instance|      Alive|       Best|       Mean best| Exp so far|  W time|  rho|KenW|  Qvar|
+-+-----------+-----------+-----------+----------------+-----------+--------+-----+----+------+
|x|          7|         39|         39|    -27.00000000|         39|00:00:17|   NA|  NA|    NA|
|x|          4|         39|         39|    -17.00000000|         74|00:00:16|+0.16|0.58|0.7234|
|x|          1|         39|         39|    -19.66666667|        109|00:00:12|-0.01|0.33|0.9135|
|x|          3|         39|         39|    -18.00000000|        144|00:00:17|+0.03|0.27|0.9190|
|=|          2|         39|         40|    -16.80000000|        179|00:00:14|+0.05|0.24|0.9006|
|=|          5|         39|         39|    -16.16666667|        214|00:00:12|+0.03|0.19|0.9167|
|=|          6|         39|         39|    -17.42857143|        249|00:00:12|-0.00|0.14|0.9722|
+-+-----------+-----------+-----------+----------------+-----------+--------+-----+----+------+
Best-so-far configuration:          39    mean value:     -17.42857143
Description of the best-so-far configuration:
   .ID.   p   pe   pm rhoe .PARENT.
39   39 413 0.11 0.19 0.62       NA

# 2025-12-17 18:22:11 -03: Elite configurations (first number is the configuration ID; listed from best to worst according to the sum of ranks):
     p   pe   pm rhoe
39 413 0.11 0.19 0.62
49 447 0.12 0.19 0.61
16 347 0.17 0.24 0.78
35 312 0.22 0.15 0.79
# 2025-12-17 18:22:11 -03: Iteration 3 of 4
# experimentsUsedSoFar: 495
# remainingBudget: 505
# currentBudget: 252
# nbConfigurations: 35
# Markers:
     x No test is performed.
     c Configurations are discarded only due to capping.
     - The test is performed and some configurations are discarded.
     = The test is performed but no configuration is discarded.
     ! The test is performed and configurations could be discarded but elite configurations are preserved.
     . All alive configurations are elite and nothing is discarded

+-+-----------+-----------+-----------+----------------+-----------+--------+-----+----+------+
| |   Instance|      Alive|       Best|       Mean best| Exp so far|  W time|  rho|KenW|  Qvar|
+-+-----------+-----------+-----------+----------------+-----------+--------+-----+----+------+
|x|          8|         35|         39|    -7.000000000|         35|00:00:17|   NA|  NA|    NA|
|x|          5|         35|         16|    -10.50000000|         66|00:00:14|+0.00|0.50|0.4857|
|x|          4|         35|         16|    -9.333333333|         97|00:00:12|+0.00|0.33|0.3238|
|x|          2|         35|         49|    -10.00000000|        128|00:00:14|+0.07|0.31|0.4458|
|=|          3|         35|         78|    -10.60000000|        159|00:00:14|+0.08|0.26|0.5439|
|=|          6|         35|         99|    -13.33333333|        190|00:00:12|+0.02|0.18|0.6252|
|=|          1|         35|         99|    -15.00000000|        221|00:00:12|+0.06|0.20|0.6496|
|-|          7|         17|         99|    -16.37500000|        252|00:00:14|-0.05|0.08|0.7332|
+-+-----------+-----------+-----------+----------------+-----------+--------+-----+----+------+
Best-so-far configuration:          99    mean value:     -16.37500000
Description of the best-so-far configuration:
   .ID.   p   pe   pm rhoe .PARENT.
99   99 340 0.17 0.24 0.78       16

# 2025-12-17 18:24:06 -03: Elite configurations (first number is the configuration ID; listed from best to worst according to the sum of ranks):
     p   pe   pm rhoe
99 340 0.17 0.24 0.78
97 346 0.19 0.17 0.77
39 413 0.11 0.19 0.62
49 447 0.12 0.19 0.61
# 2025-12-17 18:24:06 -03: Iteration 4 of 4
# experimentsUsedSoFar: 747
# remainingBudget: 253
# currentBudget: 253
# nbConfigurations: 31
# Markers:
     x No test is performed.
     c Configurations are discarded only due to capping.
     - The test is performed and some configurations are discarded.
     = The test is performed but no configuration is discarded.
     ! The test is performed and configurations could be discarded but elite configurations are preserved.
     . All alive configurations are elite and nothing is discarded

+-+-----------+-----------+-----------+----------------+-----------+--------+-----+----+------+
| |   Instance|      Alive|       Best|       Mean best| Exp so far|  W time|  rho|KenW|  Qvar|
+-+-----------+-----------+-----------+----------------+-----------+--------+-----+----+------+
|x|          9|         31|         99|    -7.000000000|         31|00:00:14|   NA|  NA|    NA|
|x|          6|         31|         99|    -17.00000000|         58|00:00:12|+0.02|0.51|0.9305|
|x|          2|         31|         99|    -15.66666667|         85|00:00:14|+0.10|0.40|0.8471|
|x|          1|         31|         99|    -18.00000000|        112|00:00:12|+0.07|0.30|0.9379|
|=|          7|         31|         99|    -19.60000000|        139|00:00:14|+0.04|0.23|0.9579|
|=|          3|         31|         99|    -18.50000000|        166|00:00:14|+0.03|0.19|0.9584|
|=|          8|         31|         99|    -16.85714286|        193|00:00:14|+0.02|0.16|0.8228|
|=|          4|         31|         99|    -15.62500000|        220|00:00:12|+0.02|0.14|0.7208|
|=|          5|         31|         99|    -15.33333333|        247|00:00:14|+0.01|0.12|0.7449|
+-+-----------+-----------+-----------+----------------+-----------+--------+-----+----+------+
Best-so-far configuration:          99    mean value:     -15.33333333
Description of the best-so-far configuration:
   .ID.   p   pe   pm rhoe .PARENT.
99   99 340 0.17 0.24 0.78       16

# 2025-12-17 18:26:13 -03: Elite configurations (first number is the configuration ID; listed from best to worst according to the sum of ranks):
     p   pe   pm rhoe
99 340 0.17 0.24 0.78
97 346 0.19 0.17 0.77
39 413 0.11 0.19 0.62
49 447 0.12 0.19 0.61
# 2025-12-17 18:26:13 -03: Stopped because there is not enough budget left to race more than the minimum (4)
# You may either increase the budget or set 'minNbSurvival' to a lower value
# Iteration: 5
# nbIterations: 5
# experimentsUsedSoFar: 994
# timeUsed: 0
# remainingBudget: 6
# currentBudget: 6
# number of elites: 4
# nbConfigurations: 4
# Total CPU user time: 15.74, CPU sys time: 5.952, Wall-clock time: 438.335
# Best configurations (first number is the configuration ID; listed from best to worst according to the sum of ranks):
     p   pe   pm rhoe
99 340 0.17 0.24 0.78
97 346 0.19 0.17 0.77
39 413 0.11 0.19 0.62
49 447 0.12 0.19 0.61
# Best configurations as commandlines (first number is the configuration ID; same order as above):
99  -p 340 -pe 0.17 -pm 0.24 -rhoe 0.78
97  -p 346 -pe 0.19 -pm 0.17 -rhoe 0.77
39  -p 413 -pe 0.11 -pm 0.19 -rhoe 0.62
49  -p 447 -pe 0.12 -pm 0.19 -rhoe 0.61


# Testing of elite configurations: 1 
# Testing iteration configurations: FALSE 
# 2025-12-17 18:26:13 -03: No test instances, skip testing
